{"/home/travis/build/npmtest/node-npmtest-oauth2orize/test.js":{"path":"/home/travis/build/npmtest/node-npmtest-oauth2orize/test.js","s":{"1":2,"2":2,"3":2,"4":2,"5":2,"6":2,"7":2,"8":1,"9":2,"10":2,"11":1,"12":1,"13":1,"14":1,"15":2,"16":2,"17":2,"18":2,"19":1,"20":1,"21":2,"22":2,"23":2,"24":1,"25":1,"26":1,"27":1,"28":1,"29":1,"30":1,"31":1,"32":1,"33":1,"34":1,"35":1,"36":1,"37":1,"38":1,"39":2,"40":2,"41":1,"42":2,"43":2,"44":1,"45":2,"46":2,"47":1,"48":2,"49":2,"50":1,"51":1,"52":1,"53":1,"54":1},"b":{"1":[2,1,1,1],"2":[1,1,1,1],"3":[1,1],"4":[1,1],"5":[1,1],"6":[1,1],"7":[1,1],"8":[1,1],"9":[1,1],"10":[1,1,1],"11":[1,1],"12":[1,1],"13":[1,1],"14":[1,1],"15":[1,1],"16":[1,1],"17":[1,1]},"f":{"1":2,"2":2,"3":2,"4":2,"5":2,"6":1,"7":1,"8":1,"9":2,"10":2,"11":2,"12":2,"13":1},"fnMap":{"1":{"name":"(anonymous_1)","line":12,"loc":{"start":{"line":12,"column":1},"end":{"line":12,"column":13}}},"2":{"name":"(anonymous_2)","line":19,"loc":{"start":{"line":19,"column":5},"end":{"line":19,"column":17}}},"3":{"name":"(anonymous_3)","line":23,"loc":{"start":{"line":23,"column":24},"end":{"line":23,"column":36}}},"4":{"name":"(anonymous_4)","line":61,"loc":{"start":{"line":61,"column":5},"end":{"line":61,"column":17}}},"5":{"name":"(anonymous_5)","line":82,"loc":{"start":{"line":82,"column":5},"end":{"line":82,"column":17}}},"6":{"name":"(anonymous_6)","line":91,"loc":{"start":{"line":91,"column":77},"end":{"line":94,"column":10}}},"7":{"name":"(anonymous_7)","line":112,"loc":{"start":{"line":112,"column":83},"end":{"line":115,"column":10}},"skip":true},"8":{"name":"(anonymous_8)","line":123,"loc":{"start":{"line":123,"column":77},"end":{"line":126,"column":10}},"skip":true},"9":{"name":"(anonymous_9)","line":139,"loc":{"start":{"line":139,"column":12},"end":{"line":139,"column":40}},"skip":true},"10":{"name":"(anonymous_10)","line":147,"loc":{"start":{"line":147,"column":77},"end":{"line":150,"column":10}},"skip":true},"11":{"name":"(anonymous_11)","line":158,"loc":{"start":{"line":158,"column":83},"end":{"line":161,"column":10}},"skip":true},"12":{"name":"(anonymous_12)","line":169,"loc":{"start":{"line":169,"column":79},"end":{"line":172,"column":10}},"skip":true},"13":{"name":"(anonymous_13)","line":180,"loc":{"start":{"line":180,"column":75},"end":{"line":183,"column":10}},"skip":true}},"statementMap":{"1":{"start":{"line":12,"column":0},"end":{"line":195,"column":5}},"2":{"start":{"line":14,"column":4},"end":{"line":14,"column":14}},"3":{"start":{"line":19,"column":4},"end":{"line":56,"column":9}},"4":{"start":{"line":21,"column":8},"end":{"line":21,"column":19}},"5":{"start":{"line":23,"column":8},"end":{"line":35,"column":13}},"6":{"start":{"line":24,"column":12},"end":{"line":34,"column":13}},"7":{"start":{"line":25,"column":16},"end":{"line":28,"column":30}},"8":{"start":{"line":30,"column":16},"end":{"line":33,"column":27}},"9":{"start":{"line":37,"column":8},"end":{"line":39,"column":21}},"10":{"start":{"line":40,"column":8},"end":{"line":53,"column":9}},"11":{"start":{"line":43,"column":12},"end":{"line":46,"column":14}},"12":{"start":{"line":47,"column":12},"end":{"line":47,"column":18}},"13":{"start":{"line":50,"column":12},"end":{"line":51,"column":46}},"14":{"start":{"line":52,"column":12},"end":{"line":52,"column":18}},"15":{"start":{"line":55,"column":8},"end":{"line":55,"column":35}},"16":{"start":{"line":61,"column":4},"end":{"line":63,"column":9}},"17":{"start":{"line":62,"column":8},"end":{"line":62,"column":15}},"18":{"start":{"line":64,"column":4},"end":{"line":77,"column":5}},"19":{"start":{"line":70,"column":8},"end":{"line":70,"column":14}},"20":{"start":{"line":76,"column":8},"end":{"line":76,"column":14}},"21":{"start":{"line":82,"column":4},"end":{"line":84,"column":9}},"22":{"start":{"line":83,"column":8},"end":{"line":83,"column":15}},"23":{"start":{"line":85,"column":4},"end":{"line":194,"column":5}},"24":{"start":{"line":91,"column":8},"end":{"line":99,"column":10}},"25":{"start":{"line":98,"column":12},"end":{"line":98,"column":35}},"26":{"start":{"line":102,"column":8},"end":{"line":104,"column":63}},"27":{"start":{"line":105,"column":8},"end":{"line":105,"column":14}},"28":{"start":{"line":112,"column":8},"end":{"line":121,"column":10},"skip":true},"29":{"start":{"line":119,"column":12},"end":{"line":119,"column":55},"skip":true},"30":{"start":{"line":120,"column":12},"end":{"line":120,"column":48},"skip":true},"31":{"start":{"line":123,"column":8},"end":{"line":136,"column":10},"skip":true},"32":{"start":{"line":130,"column":12},"end":{"line":130,"column":76},"skip":true},"33":{"start":{"line":131,"column":12},"end":{"line":131,"column":73},"skip":true},"34":{"start":{"line":132,"column":12},"end":{"line":132,"column":74},"skip":true},"35":{"start":{"line":133,"column":12},"end":{"line":133,"column":79},"skip":true},"36":{"start":{"line":134,"column":12},"end":{"line":134,"column":25},"skip":true},"37":{"start":{"line":135,"column":12},"end":{"line":135,"column":45},"skip":true},"38":{"start":{"line":138,"column":8},"end":{"line":145,"column":14},"skip":true},"39":{"start":{"line":143,"column":16},"end":{"line":143,"column":29},"skip":true},"40":{"start":{"line":144,"column":16},"end":{"line":144,"column":55},"skip":true},"41":{"start":{"line":147,"column":8},"end":{"line":156,"column":10},"skip":true},"42":{"start":{"line":154,"column":12},"end":{"line":154,"column":25},"skip":true},"43":{"start":{"line":155,"column":12},"end":{"line":155,"column":45},"skip":true},"44":{"start":{"line":158,"column":8},"end":{"line":167,"column":10},"skip":true},"45":{"start":{"line":165,"column":12},"end":{"line":165,"column":25},"skip":true},"46":{"start":{"line":166,"column":12},"end":{"line":166,"column":48},"skip":true},"47":{"start":{"line":169,"column":8},"end":{"line":178,"column":10},"skip":true},"48":{"start":{"line":176,"column":12},"end":{"line":176,"column":25},"skip":true},"49":{"start":{"line":177,"column":12},"end":{"line":177,"column":46},"skip":true},"50":{"start":{"line":180,"column":8},"end":{"line":189,"column":10},"skip":true},"51":{"start":{"line":187,"column":12},"end":{"line":187,"column":94},"skip":true},"52":{"start":{"line":188,"column":12},"end":{"line":188,"column":48},"skip":true},"53":{"start":{"line":192,"column":8},"end":{"line":192,"column":35},"skip":true},"54":{"start":{"line":193,"column":8},"end":{"line":193,"column":14},"skip":true}},"branchMap":{"1":{"line":25,"type":"binary-expr","locations":[{"start":{"line":25,"column":23},"end":{"line":25,"column":62}},{"start":{"line":26,"column":20},"end":{"line":26,"column":70}},{"start":{"line":27,"column":20},"end":{"line":27,"column":71}},{"start":{"line":28,"column":20},"end":{"line":28,"column":29}}]},"2":{"line":30,"type":"binary-expr","locations":[{"start":{"line":30,"column":23},"end":{"line":30,"column":37}},{"start":{"line":31,"column":20},"end":{"line":31,"column":61}},{"start":{"line":32,"column":20},"end":{"line":32,"column":70}},{"start":{"line":33,"column":20},"end":{"line":33,"column":26}}]},"3":{"line":37,"type":"cond-expr","locations":[{"start":{"line":38,"column":14},"end":{"line":38,"column":20}},{"start":{"line":39,"column":14},"end":{"line":39,"column":20}}]},"4":{"line":40,"type":"switch","locations":[{"start":{"line":42,"column":8},"end":{"line":47,"column":18}},{"start":{"line":49,"column":8},"end":{"line":52,"column":18}}]},"5":{"line":44,"type":"binary-expr","locations":[{"start":{"line":44,"column":16},"end":{"line":44,"column":44}},{"start":{"line":44,"column":48},"end":{"line":44,"column":66}}]},"6":{"line":50,"type":"binary-expr","locations":[{"start":{"line":50,"column":21},"end":{"line":50,"column":49}},{"start":{"line":50,"column":53},"end":{"line":50,"column":72}}]},"7":{"line":64,"type":"switch","locations":[{"start":{"line":69,"column":4},"end":{"line":70,"column":14}},{"start":{"line":75,"column":4},"end":{"line":76,"column":14}}]},"8":{"line":85,"type":"switch","locations":[{"start":{"line":90,"column":4},"end":{"line":105,"column":14}},{"start":{"line":111,"column":4},"end":{"line":193,"column":14},"skip":true}]},"9":{"line":91,"type":"binary-expr","locations":[{"start":{"line":91,"column":42},"end":{"line":91,"column":73}},{"start":{"line":91,"column":77},"end":{"line":99,"column":9}}]},"10":{"line":102,"type":"binary-expr","locations":[{"start":{"line":102,"column":18},"end":{"line":102,"column":32}},{"start":{"line":103,"column":12},"end":{"line":103,"column":53}},{"start":{"line":104,"column":12},"end":{"line":104,"column":61}}]},"11":{"line":112,"type":"binary-expr","locations":[{"start":{"line":112,"column":45},"end":{"line":112,"column":79},"skip":true},{"start":{"line":112,"column":83},"end":{"line":121,"column":9},"skip":true}]},"12":{"line":123,"type":"binary-expr","locations":[{"start":{"line":123,"column":42},"end":{"line":123,"column":73},"skip":true},{"start":{"line":123,"column":77},"end":{"line":136,"column":9},"skip":true}]},"13":{"line":138,"type":"binary-expr","locations":[{"start":{"line":138,"column":48},"end":{"line":138,"column":85},"skip":true},{"start":{"line":139,"column":12},"end":{"line":145,"column":13},"skip":true}]},"14":{"line":147,"type":"binary-expr","locations":[{"start":{"line":147,"column":42},"end":{"line":147,"column":73},"skip":true},{"start":{"line":147,"column":77},"end":{"line":156,"column":9},"skip":true}]},"15":{"line":158,"type":"binary-expr","locations":[{"start":{"line":158,"column":45},"end":{"line":158,"column":79},"skip":true},{"start":{"line":158,"column":83},"end":{"line":167,"column":9},"skip":true}]},"16":{"line":169,"type":"binary-expr","locations":[{"start":{"line":169,"column":43},"end":{"line":169,"column":75},"skip":true},{"start":{"line":169,"column":79},"end":{"line":178,"column":9},"skip":true}]},"17":{"line":180,"type":"binary-expr","locations":[{"start":{"line":180,"column":41},"end":{"line":180,"column":71},"skip":true},{"start":{"line":180,"column":75},"end":{"line":189,"column":9},"skip":true}]}},"code":["/* istanbul instrument in package npmtest_oauth2orize */","/*jslint","    bitwise: true,","    browser: true,","    maxerr: 8,","    maxlen: 96,","    node: true,","    nomen: true,","    regexp: true,","    stupid: true","*/","(function () {","    'use strict';","    var local;","","","","    // run shared js-env code - pre-init","    (function () {","        // init local","        local = {};","        // init modeJs","        local.modeJs = (function () {","            try {","                return typeof navigator.userAgent === 'string' &&","                    typeof document.querySelector('body') === 'object' &&","                    typeof XMLHttpRequest.prototype.open === 'function' &&","                    'browser';","            } catch (errorCaughtBrowser) {","                return module.exports &&","                    typeof process.versions.node === 'string' &&","                    typeof require('http').createServer === 'function' &&","                    'node';","            }","        }());","        // init global","        local.global = local.modeJs === 'browser'","            ? window","            : global;","        switch (local.modeJs) {","        // re-init local from window.local","        case 'browser':","            local = local.global.utility2.objectSetDefault(","                local.global.utility2_rollup || local.global.local,","                local.global.utility2","            );","            break;","        // re-init local from example.js","        case 'node':","            local = (local.global.utility2_rollup || require('utility2'))","                .requireExampleJsFromReadme();","            break;","        }","        // export local","        local.global.local = local;","    }());","","","","    // run shared js-env code - function","    (function () {","        return;","    }());","    switch (local.modeJs) {","","","","    // run browser js-env code - function","    case 'browser':","        break;","","","","    // run node js-env code - function","    case 'node':","        break;","    }","","","","    // run shared js-env code - post-init","    (function () {","        return;","    }());","    switch (local.modeJs) {","","","","    // run browser js-env code - post-init","    case 'browser':","        local.testCase_browser_nullCase = local.testCase_browser_nullCase || function (","            options,","            onError","        ) {","        /*","         * this function will test browsers's null-case handling-behavior-behavior","         */","            onError(null, options);","        };","","        // run tests","        local.nop(local.modeTest &&","            document.querySelector('#testRunButton1') &&","            document.querySelector('#testRunButton1').click());","        break;","","","","    // run node js-env code - post-init","    /* istanbul ignore next */","    case 'node':","        local.testCase_buildApidoc_default = local.testCase_buildApidoc_default || function (","            options,","            onError","        ) {","        /*","         * this function will test buildApidoc's default handling-behavior-behavior","         */","            options = { modulePathList: module.paths };","            local.buildApidoc(options, onError);","        };","","        local.testCase_buildApp_default = local.testCase_buildApp_default || function (","            options,","            onError","        ) {","        /*","         * this function will test buildApp's default handling-behavior-behavior","         */","            local.testCase_buildReadme_default(options, local.onErrorThrow);","            local.testCase_buildLib_default(options, local.onErrorThrow);","            local.testCase_buildTest_default(options, local.onErrorThrow);","            local.testCase_buildCustomOrg_default(options, local.onErrorThrow);","            options = [];","            local.buildApp(options, onError);","        };","","        local.testCase_buildCustomOrg_default = local.testCase_buildCustomOrg_default ||","            function (options, onError) {","            /*","             * this function will test buildCustomOrg's default handling-behavior","             */","                options = {};","                local.buildCustomOrg(options, onError);","            };","","        local.testCase_buildLib_default = local.testCase_buildLib_default || function (","            options,","            onError","        ) {","        /*","         * this function will test buildLib's default handling-behavior","         */","            options = {};","            local.buildLib(options, onError);","        };","","        local.testCase_buildReadme_default = local.testCase_buildReadme_default || function (","            options,","            onError","        ) {","        /*","         * this function will test buildReadme's default handling-behavior-behavior","         */","            options = {};","            local.buildReadme(options, onError);","        };","","        local.testCase_buildTest_default = local.testCase_buildTest_default || function (","            options,","            onError","        ) {","        /*","         * this function will test buildTest's default handling-behavior","         */","            options = {};","            local.buildTest(options, onError);","        };","","        local.testCase_webpage_default = local.testCase_webpage_default || function (","            options,","            onError","        ) {","        /*","         * this function will test webpage's default handling-behavior","         */","            options = { modeCoverageMerge: true, url: local.serverLocalHost + '?modeTest=1' };","            local.browserTest(options, onError);","        };","","        // run test-server","        local.testRunServer(local);","        break;","    }","}());",""],"l":{"12":2,"14":2,"19":2,"21":2,"23":2,"24":2,"25":2,"30":1,"37":2,"40":2,"43":1,"47":1,"50":1,"52":1,"55":2,"61":2,"62":2,"64":2,"70":1,"76":1,"82":2,"83":2,"85":2,"91":1,"98":1,"102":1,"105":1,"112":1,"119":1,"120":1,"123":1,"130":1,"131":1,"132":1,"133":1,"134":1,"135":1,"138":1,"143":2,"144":2,"147":1,"154":2,"155":2,"158":1,"165":2,"166":2,"169":1,"176":2,"177":2,"180":1,"187":1,"188":1,"192":1,"193":1}},"/home/travis/build/npmtest/node-npmtest-oauth2orize/lib.npmtest_oauth2orize.js":{"path":"/home/travis/build/npmtest/node-npmtest-oauth2orize/lib.npmtest_oauth2orize.js","s":{"1":2,"2":2,"3":2,"4":2,"5":2,"6":2,"7":2,"8":1,"9":2,"10":2,"11":2,"12":2,"13":1,"14":1,"15":1,"16":1},"b":{"1":[2,1,1,1],"2":[1,1,1,1],"3":[1,1],"4":[2,2],"5":[1,1]},"f":{"1":2,"2":2,"3":2},"fnMap":{"1":{"name":"(anonymous_1)","line":12,"loc":{"start":{"line":12,"column":1},"end":{"line":12,"column":13}}},"2":{"name":"(anonymous_2)","line":19,"loc":{"start":{"line":19,"column":5},"end":{"line":19,"column":17}}},"3":{"name":"(anonymous_3)","line":23,"loc":{"start":{"line":23,"column":24},"end":{"line":23,"column":36}}}},"statementMap":{"1":{"start":{"line":12,"column":0},"end":{"line":53,"column":5}},"2":{"start":{"line":14,"column":4},"end":{"line":14,"column":14}},"3":{"start":{"line":19,"column":4},"end":{"line":52,"column":9}},"4":{"start":{"line":21,"column":8},"end":{"line":21,"column":19}},"5":{"start":{"line":23,"column":8},"end":{"line":35,"column":13}},"6":{"start":{"line":24,"column":12},"end":{"line":34,"column":13}},"7":{"start":{"line":25,"column":16},"end":{"line":28,"column":30}},"8":{"start":{"line":30,"column":16},"end":{"line":33,"column":27}},"9":{"start":{"line":37,"column":8},"end":{"line":39,"column":21}},"10":{"start":{"line":41,"column":8},"end":{"line":41,"column":54}},"11":{"start":{"line":43,"column":8},"end":{"line":43,"column":56}},"12":{"start":{"line":45,"column":8},"end":{"line":51,"column":9}},"13":{"start":{"line":46,"column":12},"end":{"line":46,"column":62}},"14":{"start":{"line":48,"column":12},"end":{"line":48,"column":35}},"15":{"start":{"line":49,"column":12},"end":{"line":49,"column":49}},"16":{"start":{"line":50,"column":12},"end":{"line":50,"column":43}}},"branchMap":{"1":{"line":25,"type":"binary-expr","locations":[{"start":{"line":25,"column":23},"end":{"line":25,"column":62}},{"start":{"line":26,"column":20},"end":{"line":26,"column":70}},{"start":{"line":27,"column":20},"end":{"line":27,"column":71}},{"start":{"line":28,"column":20},"end":{"line":28,"column":29}}]},"2":{"line":30,"type":"binary-expr","locations":[{"start":{"line":30,"column":23},"end":{"line":30,"column":37}},{"start":{"line":31,"column":20},"end":{"line":31,"column":61}},{"start":{"line":32,"column":20},"end":{"line":32,"column":70}},{"start":{"line":33,"column":20},"end":{"line":33,"column":26}}]},"3":{"line":37,"type":"cond-expr","locations":[{"start":{"line":38,"column":14},"end":{"line":38,"column":20}},{"start":{"line":39,"column":14},"end":{"line":39,"column":20}}]},"4":{"line":41,"type":"binary-expr","locations":[{"start":{"line":41,"column":16},"end":{"line":41,"column":44}},{"start":{"line":41,"column":48},"end":{"line":41,"column":53}}]},"5":{"line":45,"type":"if","locations":[{"start":{"line":45,"column":8},"end":{"line":45,"column":8}},{"start":{"line":45,"column":8},"end":{"line":45,"column":8}}]}},"code":["/* istanbul instrument in package npmtest_oauth2orize */","/*jslint","    bitwise: true,","    browser: true,","    maxerr: 8,","    maxlen: 96,","    node: true,","    nomen: true,","    regexp: true,","    stupid: true","*/","(function () {","    'use strict';","    var local;","","","","    // run shared js-env code - pre-init","    (function () {","        // init local","        local = {};","        // init modeJs","        local.modeJs = (function () {","            try {","                return typeof navigator.userAgent === 'string' &&","                    typeof document.querySelector('body') === 'object' &&","                    typeof XMLHttpRequest.prototype.open === 'function' &&","                    'browser';","            } catch (errorCaughtBrowser) {","                return module.exports &&","                    typeof process.versions.node === 'string' &&","                    typeof require('http').createServer === 'function' &&","                    'node';","            }","        }());","        // init global","        local.global = local.modeJs === 'browser'","            ? window","            : global;","        // init utility2_rollup","        local = local.global.utility2_rollup || local;","        // init lib","        local.local = local.npmtest_oauth2orize = local;","        // init exports","        if (local.modeJs === 'browser') {","            local.global.utility2_npmtest_oauth2orize = local;","        } else {","            module.exports = local;","            module.exports.__dirname = __dirname;","            module.exports.module = module;","        }","    }());","}());",""],"l":{"12":2,"14":2,"19":2,"21":2,"23":2,"24":2,"25":2,"30":1,"37":2,"41":2,"43":2,"45":2,"46":1,"48":1,"49":1,"50":1}},"/home/travis/build/npmtest/node-npmtest-oauth2orize/example.js":{"path":"/home/travis/build/npmtest/node-npmtest-oauth2orize/example.js","s":{"1":2,"2":2,"3":2,"4":2,"5":2,"6":2,"7":2,"8":1,"9":2,"10":2,"11":2,"12":2,"13":1,"14":2,"15":2,"16":2,"17":2,"18":2,"19":0,"20":2,"21":1,"22":1,"23":1,"24":1,"25":1,"26":0,"27":0,"28":1,"29":1,"30":2,"31":0,"32":0,"33":0,"34":1,"35":2,"36":2,"37":3,"38":3,"39":3,"40":3,"41":0,"42":3,"43":3,"44":3,"45":1,"46":3,"47":1,"48":1,"49":1,"50":1,"51":1,"52":1,"53":1,"54":1,"55":1,"56":1,"57":0,"58":1,"59":6,"60":6,"61":1,"62":2,"63":0,"64":2,"65":1,"66":1,"67":0,"68":0,"69":0,"70":0,"71":0,"72":0,"73":0,"74":0,"75":0,"76":0,"77":0,"78":0,"79":0,"80":0,"81":0,"82":0,"83":0},"b":{"1":[2,1,1,1],"2":[1,1,1,1],"3":[1,1],"4":[2,2],"5":[1,1],"6":[1,1],"7":[2,0],"8":[2,1,1,1,1,1],"9":[0,2,0],"10":[1,1],"11":[2,1,1],"12":[1,0],"13":[0,2],"14":[2,0,0,0,0,0,0],"15":[0,3],"16":[3,0],"17":[1,1],"18":[0,1],"19":[1,2,0,2],"20":[1,0],"21":[1,1],"22":[0,0],"23":[0,0],"24":[0,0],"25":[0,0],"26":[0,0],"27":[0,0],"28":[0,0]},"f":{"1":2,"2":2,"3":2,"4":2,"5":2,"6":2,"7":3,"8":3,"9":3,"10":1,"11":6,"12":0},"fnMap":{"1":{"name":"(anonymous_1)","line":26,"loc":{"start":{"line":26,"column":1},"end":{"line":26,"column":13}}},"2":{"name":"(anonymous_2)","line":33,"loc":{"start":{"line":33,"column":5},"end":{"line":33,"column":17}}},"3":{"name":"(anonymous_3)","line":37,"loc":{"start":{"line":37,"column":24},"end":{"line":37,"column":36}}},"4":{"name":"(anonymous_4)","line":69,"loc":{"start":{"line":69,"column":31},"end":{"line":69,"column":48}},"skip":true},"5":{"name":"(anonymous_5)","line":78,"loc":{"start":{"line":78,"column":26},"end":{"line":78,"column":45}},"skip":true},"6":{"name":"(anonymous_6)","line":123,"loc":{"start":{"line":123,"column":33},"end":{"line":123,"column":48}},"skip":true},"7":{"name":"(anonymous_7)","line":125,"loc":{"start":{"line":125,"column":27},"end":{"line":125,"column":39}},"skip":true},"8":{"name":"(anonymous_8)","line":133,"loc":{"start":{"line":133,"column":59},"end":{"line":133,"column":74}},"skip":true},"9":{"name":"(anonymous_9)","line":143,"loc":{"start":{"line":143,"column":45},"end":{"line":143,"column":62}},"skip":true},"10":{"name":"(anonymous_10)","line":144,"loc":{"start":{"line":144,"column":73},"end":{"line":144,"column":92}},"skip":true},"11":{"name":"(anonymous_11)","line":272,"loc":{"start":{"line":272,"column":51},"end":{"line":272,"column":77}},"skip":true},"12":{"name":"(anonymous_12)","line":315,"loc":{"start":{"line":315,"column":32},"end":{"line":315,"column":61}},"skip":true}},"statementMap":{"1":{"start":{"line":26,"column":0},"end":{"line":326,"column":5}},"2":{"start":{"line":28,"column":4},"end":{"line":28,"column":14}},"3":{"start":{"line":33,"column":4},"end":{"line":60,"column":9}},"4":{"start":{"line":35,"column":8},"end":{"line":35,"column":19}},"5":{"start":{"line":37,"column":8},"end":{"line":49,"column":13}},"6":{"start":{"line":38,"column":12},"end":{"line":48,"column":13}},"7":{"start":{"line":39,"column":16},"end":{"line":42,"column":30}},"8":{"start":{"line":44,"column":16},"end":{"line":47,"column":27}},"9":{"start":{"line":51,"column":8},"end":{"line":53,"column":21}},"10":{"start":{"line":55,"column":8},"end":{"line":57,"column":45}},"11":{"start":{"line":59,"column":8},"end":{"line":59,"column":35}},"12":{"start":{"line":61,"column":4},"end":{"line":325,"column":5}},"13":{"start":{"line":69,"column":8},"end":{"line":121,"column":10},"skip":true},"14":{"start":{"line":70,"column":12},"end":{"line":88,"column":13},"skip":true},"15":{"start":{"line":76,"column":16},"end":{"line":87,"column":19},"skip":true},"16":{"start":{"line":79,"column":20},"end":{"line":86,"column":21},"skip":true},"17":{"start":{"line":82,"column":24},"end":{"line":82,"column":43},"skip":true},"18":{"start":{"line":83,"column":24},"end":{"line":83,"column":30},"skip":true},"19":{"start":{"line":85,"column":24},"end":{"line":85,"column":49},"skip":true},"20":{"start":{"line":89,"column":12},"end":{"line":107,"column":13},"skip":true},"21":{"start":{"line":92,"column":16},"end":{"line":102,"column":17},"skip":true},"22":{"start":{"line":93,"column":20},"end":{"line":93,"column":86},"skip":true},"23":{"start":{"line":94,"column":20},"end":{"line":95,"column":45},"skip":true},"24":{"start":{"line":96,"column":20},"end":{"line":96,"column":42},"skip":true},"25":{"start":{"line":97,"column":20},"end":{"line":97,"column":48},"skip":true},"26":{"start":{"line":100,"column":20},"end":{"line":100,"column":85},"skip":true},"27":{"start":{"line":101,"column":20},"end":{"line":101,"column":96},"skip":true},"28":{"start":{"line":103,"column":16},"end":{"line":103,"column":22},"skip":true},"29":{"start":{"line":106,"column":16},"end":{"line":106,"column":22},"skip":true},"30":{"start":{"line":108,"column":12},"end":{"line":120,"column":13},"skip":true},"31":{"start":{"line":114,"column":16},"end":{"line":119,"column":17},"skip":true},"32":{"start":{"line":116,"column":20},"end":{"line":116,"column":78},"skip":true},"33":{"start":{"line":118,"column":20},"end":{"line":118,"column":47},"skip":true},"34":{"start":{"line":123,"column":8},"end":{"line":141,"column":11},"skip":true},"35":{"start":{"line":124,"column":12},"end":{"line":124,"column":54},"skip":true},"36":{"start":{"line":125,"column":12},"end":{"line":140,"column":14},"skip":true},"37":{"start":{"line":126,"column":16},"end":{"line":126,"column":28},"skip":true},"38":{"start":{"line":127,"column":16},"end":{"line":127,"column":69},"skip":true},"39":{"start":{"line":128,"column":16},"end":{"line":128,"column":75},"skip":true},"40":{"start":{"line":129,"column":16},"end":{"line":131,"column":17},"skip":true},"41":{"start":{"line":130,"column":20},"end":{"line":130,"column":27},"skip":true},"42":{"start":{"line":133,"column":16},"end":{"line":137,"column":36},"skip":true},"43":{"start":{"line":134,"column":20},"end":{"line":136,"column":55},"skip":true},"44":{"start":{"line":139,"column":16},"end":{"line":139,"column":57},"skip":true},"45":{"start":{"line":143,"column":8},"end":{"line":147,"column":11},"skip":true},"46":{"start":{"line":144,"column":12},"end":{"line":146,"column":15},"skip":true},"47":{"start":{"line":145,"column":16},"end":{"line":145,"column":70},"skip":true},"48":{"start":{"line":149,"column":8},"end":{"line":149,"column":31},"skip":true},"49":{"start":{"line":150,"column":8},"end":{"line":150,"column":14},"skip":true},"50":{"start":{"line":158,"column":8},"end":{"line":158,"column":31},"skip":true},"51":{"start":{"line":160,"column":8},"end":{"line":160,"column":33},"skip":true},"52":{"start":{"line":161,"column":8},"end":{"line":161,"column":37},"skip":true},"53":{"start":{"line":162,"column":8},"end":{"line":162,"column":35},"skip":true},"54":{"start":{"line":164,"column":8},"end":{"line":164,"column":50},"skip":true},"55":{"start":{"line":166,"column":8},"end":{"line":256,"column":2},"skip":true},"56":{"start":{"line":258,"column":8},"end":{"line":286,"column":9},"skip":true},"57":{"start":{"line":259,"column":12},"end":{"line":269,"column":14},"skip":true},"58":{"start":{"line":271,"column":12},"end":{"line":285,"column":19},"skip":true},"59":{"start":{"line":274,"column":20},"end":{"line":274,"column":35},"skip":true},"60":{"start":{"line":275,"column":20},"end":{"line":284,"column":21},"skip":true},"61":{"start":{"line":277,"column":24},"end":{"line":277,"column":64},"skip":true},"62":{"start":{"line":279,"column":24},"end":{"line":279,"column":40},"skip":true},"63":{"start":{"line":281,"column":24},"end":{"line":281,"column":40},"skip":true},"64":{"start":{"line":283,"column":24},"end":{"line":283,"column":39},"skip":true},"65":{"start":{"line":288,"column":8},"end":{"line":290,"column":9},"skip":true},"66":{"start":{"line":289,"column":12},"end":{"line":289,"column":18},"skip":true},"67":{"start":{"line":291,"column":8},"end":{"line":293,"column":54},"skip":true},"68":{"start":{"line":296,"column":8},"end":{"line":301,"column":37},"skip":true},"69":{"start":{"line":303,"column":8},"end":{"line":303,"column":82},"skip":true},"70":{"start":{"line":306,"column":8},"end":{"line":308,"column":9},"skip":true},"71":{"start":{"line":307,"column":12},"end":{"line":307,"column":82},"skip":true},"72":{"start":{"line":310,"column":8},"end":{"line":312,"column":9},"skip":true},"73":{"start":{"line":311,"column":12},"end":{"line":311,"column":18},"skip":true},"74":{"start":{"line":313,"column":8},"end":{"line":313,"column":54},"skip":true},"75":{"start":{"line":314,"column":8},"end":{"line":314,"column":69},"skip":true},"76":{"start":{"line":315,"column":8},"end":{"line":323,"column":36},"skip":true},"77":{"start":{"line":316,"column":12},"end":{"line":316,"column":61},"skip":true},"78":{"start":{"line":317,"column":12},"end":{"line":320,"column":13},"skip":true},"79":{"start":{"line":318,"column":16},"end":{"line":318,"column":75},"skip":true},"80":{"start":{"line":319,"column":16},"end":{"line":319,"column":23},"skip":true},"81":{"start":{"line":321,"column":12},"end":{"line":321,"column":38},"skip":true},"82":{"start":{"line":322,"column":12},"end":{"line":322,"column":27},"skip":true},"83":{"start":{"line":324,"column":8},"end":{"line":324,"column":14},"skip":true}},"branchMap":{"1":{"line":39,"type":"binary-expr","locations":[{"start":{"line":39,"column":23},"end":{"line":39,"column":62}},{"start":{"line":40,"column":20},"end":{"line":40,"column":70}},{"start":{"line":41,"column":20},"end":{"line":41,"column":71}},{"start":{"line":42,"column":20},"end":{"line":42,"column":29}}]},"2":{"line":44,"type":"binary-expr","locations":[{"start":{"line":44,"column":23},"end":{"line":44,"column":37}},{"start":{"line":45,"column":20},"end":{"line":45,"column":61}},{"start":{"line":46,"column":20},"end":{"line":46,"column":70}},{"start":{"line":47,"column":20},"end":{"line":47,"column":26}}]},"3":{"line":51,"type":"cond-expr","locations":[{"start":{"line":52,"column":14},"end":{"line":52,"column":20}},{"start":{"line":53,"column":14},"end":{"line":53,"column":20}}]},"4":{"line":55,"type":"binary-expr","locations":[{"start":{"line":55,"column":16},"end":{"line":55,"column":44}},{"start":{"line":55,"column":49},"end":{"line":57,"column":43}}]},"5":{"line":55,"type":"cond-expr","locations":[{"start":{"line":56,"column":14},"end":{"line":56,"column":55}},{"start":{"line":57,"column":14},"end":{"line":57,"column":43}}]},"6":{"line":61,"type":"switch","locations":[{"start":{"line":68,"column":4},"end":{"line":150,"column":14},"skip":true},{"start":{"line":156,"column":4},"end":{"line":324,"column":14},"skip":true}]},"7":{"line":70,"type":"if","locations":[{"start":{"line":70,"column":12},"end":{"line":70,"column":12},"skip":true},{"start":{"line":70,"column":12},"end":{"line":70,"column":12},"skip":true}]},"8":{"line":70,"type":"binary-expr","locations":[{"start":{"line":70,"column":16},"end":{"line":70,"column":22},"skip":true},{"start":{"line":70,"column":27},"end":{"line":70,"column":32},"skip":true},{"start":{"line":71,"column":20},"end":{"line":71,"column":39},"skip":true},{"start":{"line":72,"column":20},"end":{"line":72,"column":49},"skip":true},{"start":{"line":73,"column":20},"end":{"line":73,"column":58},"skip":true},{"start":{"line":74,"column":20},"end":{"line":74,"column":69},"skip":true}]},"9":{"line":79,"type":"switch","locations":[{"start":{"line":80,"column":20},"end":{"line":80,"column":33},"skip":true},{"start":{"line":81,"column":20},"end":{"line":83,"column":30},"skip":true},{"start":{"line":84,"column":20},"end":{"line":85,"column":49},"skip":true}]},"10":{"line":89,"type":"switch","locations":[{"start":{"line":90,"column":12},"end":{"line":103,"column":22},"skip":true},{"start":{"line":105,"column":12},"end":{"line":106,"column":22},"skip":true}]},"11":{"line":89,"type":"binary-expr","locations":[{"start":{"line":89,"column":20},"end":{"line":89,"column":25},"skip":true},{"start":{"line":89,"column":29},"end":{"line":89,"column":48},"skip":true},{"start":{"line":89,"column":52},"end":{"line":89,"column":74},"skip":true}]},"12":{"line":92,"type":"if","locations":[{"start":{"line":92,"column":16},"end":{"line":92,"column":16},"skip":true},{"start":{"line":92,"column":16},"end":{"line":92,"column":16},"skip":true}]},"13":{"line":108,"type":"if","locations":[{"start":{"line":108,"column":12},"end":{"line":108,"column":12},"skip":true},{"start":{"line":108,"column":12},"end":{"line":108,"column":12},"skip":true}]},"14":{"line":108,"type":"binary-expr","locations":[{"start":{"line":108,"column":16},"end":{"line":108,"column":61},"skip":true},{"start":{"line":108,"column":66},"end":{"line":108,"column":72},"skip":true},{"start":{"line":108,"column":77},"end":{"line":108,"column":82},"skip":true},{"start":{"line":109,"column":20},"end":{"line":109,"column":39},"skip":true},{"start":{"line":110,"column":20},"end":{"line":110,"column":49},"skip":true},{"start":{"line":111,"column":20},"end":{"line":111,"column":58},"skip":true},{"start":{"line":112,"column":20},"end":{"line":112,"column":68},"skip":true}]},"15":{"line":129,"type":"if","locations":[{"start":{"line":129,"column":16},"end":{"line":129,"column":16},"skip":true},{"start":{"line":129,"column":16},"end":{"line":129,"column":16},"skip":true}]},"16":{"line":134,"type":"cond-expr","locations":[{"start":{"line":135,"column":26},"end":{"line":135,"column":29},"skip":true},{"start":{"line":136,"column":26},"end":{"line":136,"column":54},"skip":true}]},"17":{"line":164,"type":"binary-expr","locations":[{"start":{"line":164,"column":27},"end":{"line":164,"column":43},"skip":true},{"start":{"line":164,"column":47},"end":{"line":164,"column":49},"skip":true}]},"18":{"line":258,"type":"if","locations":[{"start":{"line":258,"column":8},"end":{"line":258,"column":8},"skip":true},{"start":{"line":258,"column":8},"end":{"line":258,"column":8},"skip":true}]},"19":{"line":275,"type":"switch","locations":[{"start":{"line":276,"column":20},"end":{"line":277,"column":64},"skip":true},{"start":{"line":278,"column":20},"end":{"line":279,"column":40},"skip":true},{"start":{"line":280,"column":20},"end":{"line":281,"column":40},"skip":true},{"start":{"line":282,"column":20},"end":{"line":283,"column":39},"skip":true}]},"20":{"line":288,"type":"if","locations":[{"start":{"line":288,"column":8},"end":{"line":288,"column":8},"skip":true},{"start":{"line":288,"column":8},"end":{"line":288,"column":8},"skip":true}]},"21":{"line":288,"type":"binary-expr","locations":[{"start":{"line":288,"column":12},"end":{"line":288,"column":40},"skip":true},{"start":{"line":288,"column":44},"end":{"line":288,"column":67},"skip":true}]},"22":{"line":292,"type":"binary-expr","locations":[{"start":{"line":292,"column":12},"end":{"line":292,"column":50},"skip":true},{"start":{"line":293,"column":12},"end":{"line":293,"column":53},"skip":true}]},"23":{"line":297,"type":"binary-expr","locations":[{"start":{"line":297,"column":12},"end":{"line":297,"column":69},"skip":true},{"start":{"line":298,"column":12},"end":{"line":301,"column":36},"skip":true}]},"24":{"line":303,"type":"binary-expr","locations":[{"start":{"line":303,"column":43},"end":{"line":303,"column":75},"skip":true},{"start":{"line":303,"column":79},"end":{"line":303,"column":81},"skip":true}]},"25":{"line":306,"type":"if","locations":[{"start":{"line":306,"column":8},"end":{"line":306,"column":8},"skip":true},{"start":{"line":306,"column":8},"end":{"line":306,"column":8},"skip":true}]},"26":{"line":310,"type":"if","locations":[{"start":{"line":310,"column":8},"end":{"line":310,"column":8},"skip":true},{"start":{"line":310,"column":8},"end":{"line":310,"column":8},"skip":true}]},"27":{"line":313,"type":"binary-expr","locations":[{"start":{"line":313,"column":27},"end":{"line":313,"column":43},"skip":true},{"start":{"line":313,"column":47},"end":{"line":313,"column":53},"skip":true}]},"28":{"line":317,"type":"if","locations":[{"start":{"line":317,"column":12},"end":{"line":317,"column":12},"skip":true},{"start":{"line":317,"column":12},"end":{"line":317,"column":12},"skip":true}]}},"code":["/*","example.js","","quickstart example","","instruction","    1. save this script as example.js","    2. run the shell command:","        $ npm install npmtest-oauth2orize && PORT=8081 node example.js","    3. play with the browser-demo on http://127.0.0.1:8081","*/","","","","/* istanbul instrument in package npmtest_oauth2orize */","/*jslint","    bitwise: true,","    browser: true,","    maxerr: 8,","    maxlen: 96,","    node: true,","    nomen: true,","    regexp: true,","    stupid: true","*/","(function () {","    'use strict';","    var local;","","","","    // run shared js-env code - pre-init","    (function () {","        // init local","        local = {};","        // init modeJs","        local.modeJs = (function () {","            try {","                return typeof navigator.userAgent === 'string' &&","                    typeof document.querySelector('body') === 'object' &&","                    typeof XMLHttpRequest.prototype.open === 'function' &&","                    'browser';","            } catch (errorCaughtBrowser) {","                return module.exports &&","                    typeof process.versions.node === 'string' &&","                    typeof require('http').createServer === 'function' &&","                    'node';","            }","        }());","        // init global","        local.global = local.modeJs === 'browser'","            ? window","            : global;","        // init utility2_rollup","        local = local.global.utility2_rollup || (local.modeJs === 'browser'","            ? local.global.utility2_npmtest_oauth2orize","            : global.utility2_moduleExports);","        // export local","        local.global.local = local;","    }());","    switch (local.modeJs) {","","","","    // post-init","    // run browser js-env code - post-init","    /* istanbul ignore next */","    case 'browser':","        local.testRunBrowser = function (event) {","            if (!event || (event &&","                    event.currentTarget &&","                    event.currentTarget.className &&","                    event.currentTarget.className.includes &&","                    event.currentTarget.className.includes('onreset'))) {","                // reset output","                Array.from(","                    document.querySelectorAll('body > .resettable')","                ).forEach(function (element) {","                    switch (element.tagName) {","                    case 'INPUT':","                    case 'TEXTAREA':","                        element.value = '';","                        break;","                    default:","                        element.textContent = '';","                    }","                });","            }","            switch (event && event.currentTarget && event.currentTarget.id) {","            case 'testRunButton1':","                // show tests","                if (document.querySelector('#testReportDiv1').style.display === 'none') {","                    document.querySelector('#testReportDiv1').style.display = 'block';","                    document.querySelector('#testRunButton1').textContent =","                        'hide internal test';","                    local.modeTest = true;","                    local.testRunDefault(local);","                // hide tests","                } else {","                    document.querySelector('#testReportDiv1').style.display = 'none';","                    document.querySelector('#testRunButton1').textContent = 'run internal test';","                }","                break;","            // custom-case","            default:","                break;","            }","            if (document.querySelector('#inputTextareaEval1') && (!event || (event &&","                    event.currentTarget &&","                    event.currentTarget.className &&","                    event.currentTarget.className.includes &&","                    event.currentTarget.className.includes('oneval')))) {","                // try to eval input-code","                try {","                    /*jslint evil: true*/","                    eval(document.querySelector('#inputTextareaEval1').value);","                } catch (errorCaught) {","                    console.error(errorCaught);","                }","            }","        };","        // log stderr and stdout to #outputTextareaStdout1","        ['error', 'log'].forEach(function (key) {","            console[key + '_original'] = console[key];","            console[key] = function () {","                var element;","                console[key + '_original'].apply(console, arguments);","                element = document.querySelector('#outputTextareaStdout1');","                if (!element) {","                    return;","                }","                // append text to #outputTextareaStdout1","                element.value += Array.from(arguments).map(function (arg) {","                    return typeof arg === 'string'","                        ? arg","                        : JSON.stringify(arg, null, 4);","                }).join(' ') + '\\n';","                // scroll textarea to bottom","                element.scrollTop = element.scrollHeight;","            };","        });","        // init event-handling","        ['change', 'click', 'keyup'].forEach(function (event) {","            Array.from(document.querySelectorAll('.on' + event)).forEach(function (element) {","                element.addEventListener(event, local.testRunBrowser);","            });","        });","        // run tests","        local.testRunBrowser();","        break;","","","","    // run node js-env code - post-init","    /* istanbul ignore next */","    case 'node':","        // export local","        module.exports = local;","        // require modules","        local.fs = require('fs');","        local.http = require('http');","        local.url = require('url');","        // init assets","        local.assetsDict = local.assetsDict || {};","        /* jslint-ignore-begin */","        local.assetsDict['/assets.index.template.html'] = '\\","<!doctype html>\\n\\","<html lang=\"en\">\\n\\","<head>\\n\\","<meta charset=\"UTF-8\">\\n\\","<meta name=\"viewport\" content=\"width=device-width, initial-scale=1\">\\n\\","<title>{{env.npm_package_name}} (v{{env.npm_package_version}})</title>\\n\\","<style>\\n\\","/*csslint\\n\\","    box-sizing: false,\\n\\","    universal-selector: false\\n\\","*/\\n\\","* {\\n\\","    box-sizing: border-box;\\n\\","}\\n\\","body {\\n\\","    background: #dde;\\n\\","    font-family: Arial, Helvetica, sans-serif;\\n\\","    margin: 2rem;\\n\\","}\\n\\","body > * {\\n\\","    margin-bottom: 1rem;\\n\\","}\\n\\",".utility2FooterDiv {\\n\\","    margin-top: 20px;\\n\\","    text-align: center;\\n\\","}\\n\\","</style>\\n\\","<style>\\n\\","/*csslint\\n\\","*/\\n\\","textarea {\\n\\","    font-family: monospace;\\n\\","    height: 10rem;\\n\\","    width: 100%;\\n\\","}\\n\\","textarea[readonly] {\\n\\","    background: #ddd;\\n\\","}\\n\\","</style>\\n\\","</head>\\n\\","<body>\\n\\","<!-- utility2-comment\\n\\","<div id=\"ajaxProgressDiv1\" style=\"background: #d00; height: 2px; left: 0; margin: 0; padding: 0; position: fixed; top: 0; transition: background 0.5s, width 1.5s; width: 25%;\"></div>\\n\\","utility2-comment -->\\n\\","<h1>\\n\\","<!-- utility2-comment\\n\\","    <a\\n\\","        {{#if env.npm_package_homepage}}\\n\\","        href=\"{{env.npm_package_homepage}}\"\\n\\","        {{/if env.npm_package_homepage}}\\n\\","        target=\"_blank\"\\n\\","    >\\n\\","utility2-comment -->\\n\\","        {{env.npm_package_name}} (v{{env.npm_package_version}})\\n\\","<!-- utility2-comment\\n\\","    </a>\\n\\","utility2-comment -->\\n\\","</h1>\\n\\","<h3>{{env.npm_package_description}}</h3>\\n\\","<!-- utility2-comment\\n\\","<h4><a download href=\"assets.app.js\">download standalone app</a></h4>\\n\\","<button class=\"onclick onreset\" id=\"testRunButton1\">run internal test</button><br>\\n\\","<div id=\"testReportDiv1\" style=\"display: none;\"></div>\\n\\","utility2-comment -->\\n\\","\\n\\","\\n\\","\\n\\","<label>stderr and stdout</label>\\n\\","<textarea class=\"resettable\" id=\"outputTextareaStdout1\" readonly></textarea>\\n\\","<!-- utility2-comment\\n\\","{{#if isRollup}}\\n\\","<script src=\"assets.app.js\"></script>\\n\\","{{#unless isRollup}}\\n\\","utility2-comment -->\\n\\","<script src=\"assets.utility2.rollup.js\"></script>\\n\\","<script src=\"jsonp.utility2._stateInit?callback=window.utility2._stateInit\"></script>\\n\\","<script src=\"assets.npmtest_oauth2orize.rollup.js\"></script>\\n\\","<script src=\"assets.example.js\"></script>\\n\\","<script src=\"assets.test.js\"></script>\\n\\","<!-- utility2-comment\\n\\","{{/if isRollup}}\\n\\","utility2-comment -->\\n\\","<div class=\"utility2FooterDiv\">\\n\\","    [ this app was created with\\n\\","    <a href=\"https://github.com/kaizhu256/node-utility2\" target=\"_blank\">utility2</a>\\n\\","    ]\\n\\","</div>\\n\\","</body>\\n\\","</html>\\n\\","';","        /* jslint-ignore-end */","        if (local.templateRender) {","            local.assetsDict['/'] = local.templateRender(","                local.assetsDict['/assets.index.template.html'],","                {","                    env: local.objectSetDefault(local.env, {","                        npm_package_description: 'the greatest app in the world!',","                        npm_package_name: 'my-app',","                        npm_package_nameAlias: 'my_app',","                        npm_package_version: '0.0.1'","                    })","                }","            );","        } else {","            local.assetsDict['/'] = local.assetsDict['/assets.index.template.html']","                .replace((/\\{\\{env\\.(\\w+?)\\}\\}/g), function (match0, match1) {","                    // jslint-hack","                    String(match0);","                    switch (match1) {","                    case 'npm_package_description':","                        return 'the greatest app in the world!';","                    case 'npm_package_name':","                        return 'my-app';","                    case 'npm_package_nameAlias':","                        return 'my_app';","                    case 'npm_package_version':","                        return '0.0.1';","                    }","                });","        }","        // run the cli","        if (local.global.utility2_rollup || module !== require.main) {","            break;","        }","        local.assetsDict['/assets.example.js'] =","            local.assetsDict['/assets.example.js'] ||","            local.fs.readFileSync(__filename, 'utf8');","        // bug-workaround - long $npm_package_buildCustomOrg","        /* jslint-ignore-begin */","        local.assetsDict['/assets.npmtest_oauth2orize.rollup.js'] =","            local.assetsDict['/assets.npmtest_oauth2orize.rollup.js'] ||","            local.fs.readFileSync(","                local.npmtest_oauth2orize.__dirname + '/lib.npmtest_oauth2orize.js',","                'utf8'","            ).replace((/^#!/), '//');","        /* jslint-ignore-end */","        local.assetsDict['/favicon.ico'] = local.assetsDict['/favicon.ico'] || '';","        // if $npm_config_timeout_exit exists,","        // then exit this process after $npm_config_timeout_exit ms","        if (Number(process.env.npm_config_timeout_exit)) {","            setTimeout(process.exit, Number(process.env.npm_config_timeout_exit));","        }","        // start server","        if (local.global.utility2_serverHttp1) {","            break;","        }","        process.env.PORT = process.env.PORT || '8081';","        console.error('server starting on port ' + process.env.PORT);","        local.http.createServer(function (request, response) {","            request.urlParsed = local.url.parse(request.url);","            if (local.assetsDict[request.urlParsed.pathname] !== undefined) {","                response.end(local.assetsDict[request.urlParsed.pathname]);","                return;","            }","            response.statusCode = 404;","            response.end();","        }).listen(process.env.PORT);","        break;","    }","}());",""],"l":{"26":2,"28":2,"33":2,"35":2,"37":2,"38":2,"39":2,"44":1,"51":2,"55":2,"59":2,"61":2,"69":1,"70":2,"76":2,"79":2,"82":2,"83":2,"85":1,"89":2,"92":1,"93":1,"94":1,"96":1,"97":1,"100":1,"101":1,"103":1,"106":1,"108":2,"114":1,"116":1,"118":1,"123":1,"124":2,"125":2,"126":3,"127":3,"128":3,"129":3,"130":1,"133":3,"134":3,"139":3,"143":1,"144":3,"145":1,"149":1,"150":1,"158":1,"160":1,"161":1,"162":1,"164":1,"166":1,"258":1,"259":1,"271":1,"274":6,"275":6,"277":1,"279":2,"281":1,"283":2,"288":1,"289":1,"291":1,"296":1,"303":1,"306":1,"307":1,"310":1,"311":1,"313":1,"314":1,"315":1,"316":1,"317":1,"318":1,"319":1,"321":1,"322":1,"324":1}},"/home/travis/build/npmtest/node-npmtest-oauth2orize/node_modules/oauth2orize/lib/index.js":{"path":"/home/travis/build/npmtest/node-npmtest-oauth2orize/node_modules/oauth2orize/lib/index.js","s":{"1":1,"2":1,"3":0,"4":0,"5":1,"6":1,"7":1,"8":1,"9":1,"10":2,"11":2,"12":2,"13":32,"14":2,"15":1,"16":1,"17":1,"18":1,"19":4,"20":4,"21":4,"22":59,"23":4,"24":1,"25":1,"26":1,"27":1},"b":{"1":[2,0],"2":[4,0]},"f":{"1":0,"2":2,"3":32,"4":4,"5":59},"fnMap":{"1":{"name":"createServer","line":15,"loc":{"start":{"line":15,"column":0},"end":{"line":15,"column":31}}},"2":{"name":"(anonymous_2)","line":39,"loc":{"start":{"line":39,"column":45},"end":{"line":39,"column":64}}},"3":{"name":"(anonymous_3)","line":42,"loc":{"start":{"line":42,"column":15},"end":{"line":42,"column":27}}},"4":{"name":"(anonymous_4)","line":56,"loc":{"start":{"line":56,"column":48},"end":{"line":56,"column":67}}},"5":{"name":"(anonymous_5)","line":59,"loc":{"start":{"line":59,"column":15},"end":{"line":59,"column":27}}}},"statementMap":{"1":{"start":{"line":4,"column":0},"end":{"line":6,"column":33}},"2":{"start":{"line":15,"column":0},"end":{"line":18,"column":1}},"3":{"start":{"line":16,"column":2},"end":{"line":16,"column":35}},"4":{"start":{"line":17,"column":2},"end":{"line":17,"column":16}},"5":{"start":{"line":21,"column":0},"end":{"line":21,"column":40}},"6":{"start":{"line":26,"column":0},"end":{"line":26,"column":36}},"7":{"start":{"line":32,"column":0},"end":{"line":32,"column":60}},"8":{"start":{"line":37,"column":0},"end":{"line":37,"column":19}},"9":{"start":{"line":39,"column":0},"end":{"line":45,"column":3}},"10":{"start":{"line":40,"column":2},"end":{"line":44,"column":3}},"11":{"start":{"line":41,"column":4},"end":{"line":41,"column":46}},"12":{"start":{"line":42,"column":4},"end":{"line":42,"column":66}},"13":{"start":{"line":42,"column":29},"end":{"line":42,"column":63}},"14":{"start":{"line":43,"column":4},"end":{"line":43,"column":47}},"15":{"start":{"line":48,"column":0},"end":{"line":48,"column":53}},"16":{"start":{"line":49,"column":0},"end":{"line":49,"column":45}},"17":{"start":{"line":54,"column":0},"end":{"line":54,"column":22}},"18":{"start":{"line":56,"column":0},"end":{"line":62,"column":3}},"19":{"start":{"line":57,"column":2},"end":{"line":61,"column":3}},"20":{"start":{"line":58,"column":4},"end":{"line":58,"column":46}},"21":{"start":{"line":59,"column":4},"end":{"line":59,"column":69}},"22":{"start":{"line":59,"column":29},"end":{"line":59,"column":66}},"23":{"start":{"line":60,"column":4},"end":{"line":60,"column":50}},"24":{"start":{"line":65,"column":0},"end":{"line":65,"column":59}},"25":{"start":{"line":70,"column":0},"end":{"line":70,"column":54}},"26":{"start":{"line":71,"column":0},"end":{"line":71,"column":68}},"27":{"start":{"line":72,"column":0},"end":{"line":72,"column":52}}},"branchMap":{"1":{"line":40,"type":"if","locations":[{"start":{"line":40,"column":2},"end":{"line":40,"column":2}},{"start":{"line":40,"column":2},"end":{"line":40,"column":2}}]},"2":{"line":57,"type":"if","locations":[{"start":{"line":57,"column":2},"end":{"line":57,"column":2}},{"start":{"line":57,"column":2},"end":{"line":57,"column":2}}]}},"code":["/**"," * Module dependencies."," */","var fs = require('fs')","  , path = require('path')","  , Server = require('./server');","","","/**"," * Create an OAuth 2.0 server."," *"," * @return {Server}"," * @api public"," */","function createServer(options) {","  var server = new Server(options);","  return server;","}","","// expose createServer() as the module","exports = module.exports = createServer;","","/**"," * Export `.createServer()`."," */","exports.createServer = createServer;","","","/**"," * Export middleware."," */","exports.errorHandler = require('./middleware/errorHandler');","","/**"," * Auto-load bundled grants."," */","exports.grant = {};"," ","fs.readdirSync(__dirname + '/grant').forEach(function(filename) {","  if (/\\.js$/.test(filename)) {","    var name = path.basename(filename, '.js');","    var load = function () { return require('./grant/' + name); };","    exports.grant.__defineGetter__(name, load);","  }","});","","// alias grants","exports.grant.authorizationCode = exports.grant.code;","exports.grant.implicit = exports.grant.token;","","/**"," * Auto-load bundled exchanges."," */","exports.exchange = {};"," ","fs.readdirSync(__dirname + '/exchange').forEach(function(filename) {","  if (/\\.js$/.test(filename)) {","    var name = path.basename(filename, '.js');","    var load = function () { return require('./exchange/' + name); };","    exports.exchange.__defineGetter__(name, load);","  }","});","","// alias exchanges","exports.exchange.code = exports.exchange.authorizationCode;","","/**"," * Export errors."," */","exports.OAuth2Error = require('./errors/oauth2error');","exports.AuthorizationError = require('./errors/authorizationerror');","exports.TokenError = require('./errors/tokenerror');",""],"l":{"4":1,"15":1,"16":0,"17":0,"21":1,"26":1,"32":1,"37":1,"39":1,"40":2,"41":2,"42":32,"43":2,"48":1,"49":1,"54":1,"56":1,"57":4,"58":4,"59":59,"60":4,"65":1,"70":1,"71":1,"72":1}},"/home/travis/build/npmtest/node-npmtest-oauth2orize/node_modules/oauth2orize/lib/server.js":{"path":"/home/travis/build/npmtest/node-npmtest-oauth2orize/node_modules/oauth2orize/lib/server.js","s":{"1":1,"2":1,"3":0,"4":0,"5":0,"6":0,"7":0,"8":0,"9":0,"10":0,"11":1,"12":0,"13":0,"14":0,"15":0,"16":0,"17":0,"18":0,"19":0,"20":0,"21":0,"22":0,"23":0,"24":0,"25":0,"26":0,"27":0,"28":0,"29":0,"30":0,"31":0,"32":0,"33":0,"34":0,"35":0,"36":0,"37":0,"38":0,"39":0,"40":0,"41":0,"42":0,"43":0,"44":0,"45":0,"46":0,"47":1,"48":0,"49":0,"50":0,"51":0,"52":0,"53":0,"54":0,"55":0,"56":1,"57":0,"58":1,"59":0,"60":0,"61":0,"62":1,"63":0,"64":0,"65":0,"66":1,"67":0,"68":0,"69":0,"70":0,"71":1,"72":0,"73":1,"74":0,"75":1,"76":0,"77":0,"78":0,"79":0,"80":0,"81":0,"82":0,"83":0,"84":0,"85":0,"86":0,"87":0,"88":0,"89":0,"90":0,"91":0,"92":1,"93":0,"94":0,"95":0,"96":0,"97":0,"98":0,"99":0,"100":0,"101":0,"102":0,"103":0,"104":0,"105":0,"106":0,"107":0,"108":0,"109":0,"110":0,"111":1,"112":0,"113":0,"114":0,"115":0,"116":0,"117":0,"118":0,"119":0,"120":0,"121":0,"122":0,"123":0,"124":0,"125":0,"126":0,"127":0,"128":0,"129":0,"130":0,"131":0,"132":0,"133":0,"134":1,"135":0,"136":0,"137":0,"138":0,"139":1,"140":0,"141":0,"142":0,"143":0,"144":0,"145":0,"146":0,"147":0,"148":0,"149":0,"150":0,"151":0,"152":0,"153":0,"154":0,"155":1,"156":0,"157":1,"158":0,"159":0,"160":0,"161":0,"162":0,"163":0,"164":0,"165":0,"166":0,"167":0,"168":1,"169":0,"170":1,"171":0,"172":0,"173":0,"174":0,"175":0,"176":0,"177":0,"178":0,"179":0,"180":0,"181":0,"182":0,"183":1},"b":{"1":[0,0],"2":[0,0],"3":[0,0],"4":[0,0],"5":[0,0],"6":[0,0],"7":[0,0],"8":[0,0],"9":[0,0],"10":[0,0],"11":[0,0],"12":[0,0],"13":[0,0],"14":[0,0],"15":[0,0],"16":[0,0],"17":[0,0],"18":[0,0],"19":[0,0],"20":[0,0],"21":[0,0],"22":[0,0],"23":[0,0],"24":[0,0],"25":[0,0],"26":[0,0],"27":[0,0],"28":[0,0],"29":[0,0],"30":[0,0],"31":[0,0],"32":[0,0],"33":[0,0],"34":[0,0],"35":[0,0],"36":[0,0],"37":[0,0],"38":[0,0],"39":[0,0],"40":[0,0],"41":[0,0],"42":[0,0],"43":[0,0],"44":[0,0],"45":[0,0],"46":[0,0],"47":[0,0],"48":[0,0],"49":[0,0],"50":[0,0],"51":[0,0],"52":[0,0],"53":[0,0],"54":[0,0],"55":[0,0],"56":[0,0],"57":[0,0],"58":[0,0],"59":[0,0],"60":[0,0],"61":[0,0],"62":[0,0],"63":[0,0],"64":[0,0],"65":[0,0]},"f":{"1":0,"2":0,"3":0,"4":0,"5":0,"6":0,"7":0,"8":0,"9":0,"10":0,"11":0,"12":0,"13":0,"14":0,"15":0,"16":0,"17":0,"18":0,"19":0,"20":0,"21":0,"22":0,"23":0,"24":0,"25":0,"26":0},"fnMap":{"1":{"name":"Server","line":22,"loc":{"start":{"line":22,"column":0},"end":{"line":22,"column":25}}},"2":{"name":"(anonymous_2)","line":60,"loc":{"start":{"line":60,"column":25},"end":{"line":60,"column":51}}},"3":{"name":"(anonymous_3)","line":118,"loc":{"start":{"line":118,"column":28},"end":{"line":118,"column":47}}},"4":{"name":"(anonymous_4)","line":136,"loc":{"start":{"line":136,"column":33},"end":{"line":136,"column":72}}},"5":{"name":"(anonymous_5)","line":140,"loc":{"start":{"line":140,"column":26},"end":{"line":140,"column":55}}},"6":{"name":"(anonymous_6)","line":152,"loc":{"start":{"line":152,"column":28},"end":{"line":152,"column":53}}},"7":{"name":"(anonymous_7)","line":161,"loc":{"start":{"line":161,"column":45},"end":{"line":161,"column":63}}},"8":{"name":"transactionLoaderErrorWrapper","line":165,"loc":{"start":{"line":165,"column":4},"end":{"line":165,"column":64}}},"9":{"name":"(anonymous_9)","line":166,"loc":{"start":{"line":166,"column":23},"end":{"line":166,"column":38}}},"10":{"name":"(anonymous_10)","line":179,"loc":{"start":{"line":179,"column":25},"end":{"line":179,"column":43}}},"11":{"name":"(anonymous_11)","line":188,"loc":{"start":{"line":188,"column":32},"end":{"line":188,"column":50}}},"12":{"name":"(anonymous_12)","line":203,"loc":{"start":{"line":203,"column":35},"end":{"line":203,"column":54}}},"13":{"name":"pass","line":213,"loc":{"start":{"line":213,"column":3},"end":{"line":213,"column":30}}},"14":{"name":"(anonymous_14)","line":225,"loc":{"start":{"line":225,"column":20},"end":{"line":225,"column":35}}},"15":{"name":"(anonymous_15)","line":245,"loc":{"start":{"line":245,"column":37},"end":{"line":245,"column":56}}},"16":{"name":"pass","line":255,"loc":{"start":{"line":255,"column":3},"end":{"line":255,"column":33}}},"17":{"name":"(anonymous_17)","line":270,"loc":{"start":{"line":270,"column":17},"end":{"line":270,"column":32}}},"18":{"name":"(anonymous_18)","line":286,"loc":{"start":{"line":286,"column":26},"end":{"line":286,"column":50}}},"19":{"name":"pass","line":293,"loc":{"start":{"line":293,"column":3},"end":{"line":293,"column":20}}},"20":{"name":"(anonymous_20)","line":306,"loc":{"start":{"line":306,"column":28},"end":{"line":306,"column":45}}},"21":{"name":"(anonymous_21)","line":329,"loc":{"start":{"line":329,"column":28},"end":{"line":329,"column":61}}},"22":{"name":"next","line":339,"loc":{"start":{"line":339,"column":2},"end":{"line":339,"column":21}}},"23":{"name":"(anonymous_23)","line":364,"loc":{"start":{"line":364,"column":33},"end":{"line":364,"column":61}}},"24":{"name":"next","line":369,"loc":{"start":{"line":369,"column":2},"end":{"line":369,"column":21}}},"25":{"name":"(anonymous_25)","line":396,"loc":{"start":{"line":396,"column":29},"end":{"line":396,"column":58}}},"26":{"name":"next","line":400,"loc":{"start":{"line":400,"column":2},"end":{"line":400,"column":21}}}},"statementMap":{"1":{"start":{"line":4,"column":0},"end":{"line":14,"column":44}},"2":{"start":{"line":22,"column":0},"end":{"line":32,"column":1}},"3":{"start":{"line":23,"column":2},"end":{"line":23,"column":26}},"4":{"start":{"line":24,"column":2},"end":{"line":24,"column":24}},"5":{"start":{"line":25,"column":2},"end":{"line":25,"column":25}},"6":{"start":{"line":26,"column":2},"end":{"line":26,"column":25}},"7":{"start":{"line":27,"column":2},"end":{"line":27,"column":23}},"8":{"start":{"line":29,"column":2},"end":{"line":29,"column":25}},"9":{"start":{"line":30,"column":2},"end":{"line":30,"column":27}},"10":{"start":{"line":31,"column":2},"end":{"line":31,"column":55}},"11":{"start":{"line":60,"column":0},"end":{"line":97,"column":2}},"12":{"start":{"line":61,"column":2},"end":{"line":68,"column":3}},"13":{"start":{"line":63,"column":4},"end":{"line":63,"column":19}},"14":{"start":{"line":64,"column":4},"end":{"line":64,"column":70}},"15":{"start":{"line":64,"column":23},"end":{"line":64,"column":68}},"16":{"start":{"line":65,"column":4},"end":{"line":65,"column":73}},"17":{"start":{"line":65,"column":24},"end":{"line":65,"column":71}},"18":{"start":{"line":66,"column":4},"end":{"line":66,"column":64}},"19":{"start":{"line":66,"column":21},"end":{"line":66,"column":62}},"20":{"start":{"line":67,"column":4},"end":{"line":67,"column":16}},"21":{"start":{"line":69,"column":2},"end":{"line":76,"column":3}},"22":{"start":{"line":71,"column":4},"end":{"line":71,"column":20}},"23":{"start":{"line":72,"column":4},"end":{"line":72,"column":66}},"24":{"start":{"line":72,"column":23},"end":{"line":72,"column":64}},"25":{"start":{"line":73,"column":4},"end":{"line":73,"column":69}},"26":{"start":{"line":73,"column":24},"end":{"line":73,"column":67}},"27":{"start":{"line":74,"column":4},"end":{"line":74,"column":60}},"28":{"start":{"line":74,"column":21},"end":{"line":74,"column":58}},"29":{"start":{"line":75,"column":4},"end":{"line":75,"column":16}},"30":{"start":{"line":78,"column":2},"end":{"line":82,"column":3}},"31":{"start":{"line":80,"column":4},"end":{"line":80,"column":15}},"32":{"start":{"line":81,"column":4},"end":{"line":81,"column":22}},"33":{"start":{"line":83,"column":2},"end":{"line":83,"column":36}},"34":{"start":{"line":83,"column":22},"end":{"line":83,"column":34}},"35":{"start":{"line":84,"column":2},"end":{"line":84,"column":47}},"36":{"start":{"line":84,"column":14},"end":{"line":84,"column":45}},"37":{"start":{"line":86,"column":2},"end":{"line":95,"column":3}},"38":{"start":{"line":87,"column":4},"end":{"line":87,"column":80}},"39":{"start":{"line":88,"column":4},"end":{"line":88,"column":54}},"40":{"start":{"line":89,"column":9},"end":{"line":95,"column":3}},"41":{"start":{"line":90,"column":4},"end":{"line":90,"column":82}},"42":{"start":{"line":91,"column":4},"end":{"line":91,"column":55}},"43":{"start":{"line":92,"column":9},"end":{"line":95,"column":3}},"44":{"start":{"line":93,"column":4},"end":{"line":93,"column":79}},"45":{"start":{"line":94,"column":4},"end":{"line":94,"column":55}},"46":{"start":{"line":96,"column":2},"end":{"line":96,"column":14}},"47":{"start":{"line":118,"column":0},"end":{"line":128,"column":2}},"48":{"start":{"line":119,"column":2},"end":{"line":122,"column":3}},"49":{"start":{"line":120,"column":4},"end":{"line":120,"column":14}},"50":{"start":{"line":121,"column":4},"end":{"line":121,"column":19}},"51":{"start":{"line":123,"column":2},"end":{"line":123,"column":36}},"52":{"start":{"line":123,"column":22},"end":{"line":123,"column":34}},"53":{"start":{"line":125,"column":2},"end":{"line":125,"column":73}},"54":{"start":{"line":126,"column":2},"end":{"line":126,"column":51}},"55":{"start":{"line":127,"column":2},"end":{"line":127,"column":14}},"56":{"start":{"line":135,"column":0},"end":{"line":138,"column":2}},"57":{"start":{"line":137,"column":2},"end":{"line":137,"column":59}},"58":{"start":{"line":140,"column":0},"end":{"line":145,"column":2}},"59":{"start":{"line":141,"column":2},"end":{"line":143,"column":3}},"60":{"start":{"line":142,"column":4},"end":{"line":142,"column":44}},"61":{"start":{"line":144,"column":2},"end":{"line":144,"column":78}},"62":{"start":{"line":152,"column":0},"end":{"line":157,"column":2}},"63":{"start":{"line":153,"column":2},"end":{"line":155,"column":3}},"64":{"start":{"line":154,"column":4},"end":{"line":154,"column":42}},"65":{"start":{"line":156,"column":2},"end":{"line":156,"column":76}},"66":{"start":{"line":159,"column":0},"end":{"line":172,"column":2}},"67":{"start":{"line":162,"column":2},"end":{"line":162,"column":48}},"68":{"start":{"line":164,"column":2},"end":{"line":171,"column":4}},"69":{"start":{"line":166,"column":6},"end":{"line":168,"column":9}},"70":{"start":{"line":167,"column":8},"end":{"line":167,"column":25}},"71":{"start":{"line":179,"column":0},"end":{"line":181,"column":2}},"72":{"start":{"line":180,"column":2},"end":{"line":180,"column":30}},"73":{"start":{"line":188,"column":0},"end":{"line":190,"column":2}},"74":{"start":{"line":189,"column":2},"end":{"line":189,"column":31}},"75":{"start":{"line":203,"column":0},"end":{"line":230,"column":2}},"76":{"start":{"line":204,"column":2},"end":{"line":206,"column":3}},"77":{"start":{"line":205,"column":4},"end":{"line":205,"column":38}},"78":{"start":{"line":210,"column":2},"end":{"line":210,"column":18}},"79":{"start":{"line":212,"column":2},"end":{"line":212,"column":32}},"80":{"start":{"line":213,"column":2},"end":{"line":229,"column":8}},"81":{"start":{"line":215,"column":4},"end":{"line":215,"column":44}},"82":{"start":{"line":215,"column":26},"end":{"line":215,"column":42}},"83":{"start":{"line":217,"column":4},"end":{"line":217,"column":46}},"84":{"start":{"line":217,"column":22},"end":{"line":217,"column":44}},"85":{"start":{"line":219,"column":4},"end":{"line":219,"column":25}},"86":{"start":{"line":220,"column":4},"end":{"line":222,"column":5}},"87":{"start":{"line":221,"column":6},"end":{"line":221,"column":117}},"88":{"start":{"line":224,"column":4},"end":{"line":228,"column":5}},"89":{"start":{"line":225,"column":6},"end":{"line":225,"column":60}},"90":{"start":{"line":225,"column":37},"end":{"line":225,"column":55}},"91":{"start":{"line":227,"column":6},"end":{"line":227,"column":22}},"92":{"start":{"line":245,"column":0},"end":{"line":275,"column":2}},"93":{"start":{"line":246,"column":2},"end":{"line":248,"column":3}},"94":{"start":{"line":247,"column":4},"end":{"line":247,"column":40}},"95":{"start":{"line":252,"column":2},"end":{"line":252,"column":15}},"96":{"start":{"line":254,"column":2},"end":{"line":254,"column":34}},"97":{"start":{"line":255,"column":2},"end":{"line":274,"column":8}},"98":{"start":{"line":257,"column":4},"end":{"line":257,"column":44}},"99":{"start":{"line":257,"column":26},"end":{"line":257,"column":42}},"100":{"start":{"line":259,"column":4},"end":{"line":259,"column":52}},"101":{"start":{"line":259,"column":25},"end":{"line":259,"column":50}},"102":{"start":{"line":262,"column":4},"end":{"line":262,"column":74}},"103":{"start":{"line":262,"column":47},"end":{"line":262,"column":72}},"104":{"start":{"line":264,"column":4},"end":{"line":264,"column":25}},"105":{"start":{"line":265,"column":4},"end":{"line":267,"column":5}},"106":{"start":{"line":266,"column":6},"end":{"line":266,"column":123}},"107":{"start":{"line":269,"column":4},"end":{"line":273,"column":5}},"108":{"start":{"line":270,"column":6},"end":{"line":270,"column":57}},"109":{"start":{"line":270,"column":34},"end":{"line":270,"column":52}},"110":{"start":{"line":272,"column":6},"end":{"line":272,"column":22}},"111":{"start":{"line":286,"column":0},"end":{"line":319,"column":2}},"112":{"start":{"line":287,"column":2},"end":{"line":289,"column":16}},"113":{"start":{"line":291,"column":2},"end":{"line":291,"column":33}},"114":{"start":{"line":291,"column":14},"end":{"line":291,"column":31}},"115":{"start":{"line":293,"column":2},"end":{"line":318,"column":8}},"116":{"start":{"line":294,"column":4},"end":{"line":294,"column":25}},"117":{"start":{"line":295,"column":4},"end":{"line":295,"column":42}},"118":{"start":{"line":295,"column":18},"end":{"line":295,"column":40}},"119":{"start":{"line":297,"column":4},"end":{"line":317,"column":5}},"120":{"start":{"line":298,"column":6},"end":{"line":298,"column":58}},"121":{"start":{"line":299,"column":6},"end":{"line":314,"column":7}},"122":{"start":{"line":300,"column":8},"end":{"line":300,"column":40}},"123":{"start":{"line":301,"column":8},"end":{"line":311,"column":9}},"124":{"start":{"line":302,"column":10},"end":{"line":302,"column":36}},"125":{"start":{"line":303,"column":10},"end":{"line":303,"column":31}},"126":{"start":{"line":304,"column":10},"end":{"line":304,"column":22}},"127":{"start":{"line":306,"column":10},"end":{"line":310,"column":13}},"128":{"start":{"line":307,"column":12},"end":{"line":307,"column":40}},"129":{"start":{"line":307,"column":23},"end":{"line":307,"column":38}},"130":{"start":{"line":308,"column":12},"end":{"line":308,"column":33}},"131":{"start":{"line":309,"column":12},"end":{"line":309,"column":24}},"132":{"start":{"line":313,"column":8},"end":{"line":313,"column":20}},"133":{"start":{"line":316,"column":6},"end":{"line":316,"column":20}},"134":{"start":{"line":329,"column":0},"end":{"line":362,"column":2}},"135":{"start":{"line":330,"column":2},"end":{"line":333,"column":3}},"136":{"start":{"line":331,"column":4},"end":{"line":331,"column":18}},"137":{"start":{"line":332,"column":4},"end":{"line":332,"column":25}},"138":{"start":{"line":335,"column":2},"end":{"line":337,"column":14}},"139":{"start":{"line":339,"column":2},"end":{"line":360,"column":3}},"140":{"start":{"line":340,"column":4},"end":{"line":340,"column":32}},"141":{"start":{"line":340,"column":15},"end":{"line":340,"column":30}},"142":{"start":{"line":342,"column":4},"end":{"line":342,"column":29}},"143":{"start":{"line":343,"column":4},"end":{"line":343,"column":32}},"144":{"start":{"line":343,"column":18},"end":{"line":343,"column":30}},"145":{"start":{"line":345,"column":4},"end":{"line":359,"column":5}},"146":{"start":{"line":346,"column":6},"end":{"line":346,"column":60}},"147":{"start":{"line":347,"column":6},"end":{"line":356,"column":7}},"148":{"start":{"line":348,"column":8},"end":{"line":348,"column":40}},"149":{"start":{"line":349,"column":8},"end":{"line":353,"column":9}},"150":{"start":{"line":350,"column":10},"end":{"line":350,"column":49}},"151":{"start":{"line":352,"column":10},"end":{"line":352,"column":39}},"152":{"start":{"line":355,"column":8},"end":{"line":355,"column":15}},"153":{"start":{"line":358,"column":6},"end":{"line":358,"column":20}},"154":{"start":{"line":361,"column":2},"end":{"line":361,"column":9}},"155":{"start":{"line":364,"column":0},"end":{"line":385,"column":1}},"156":{"start":{"line":365,"column":2},"end":{"line":367,"column":14}},"157":{"start":{"line":369,"column":2},"end":{"line":383,"column":3}},"158":{"start":{"line":370,"column":4},"end":{"line":370,"column":29}},"159":{"start":{"line":371,"column":4},"end":{"line":371,"column":35}},"160":{"start":{"line":371,"column":18},"end":{"line":371,"column":33}},"161":{"start":{"line":373,"column":4},"end":{"line":382,"column":5}},"162":{"start":{"line":374,"column":6},"end":{"line":374,"column":58}},"163":{"start":{"line":375,"column":6},"end":{"line":379,"column":7}},"164":{"start":{"line":376,"column":8},"end":{"line":376,"column":42}},"165":{"start":{"line":378,"column":8},"end":{"line":378,"column":18}},"166":{"start":{"line":381,"column":6},"end":{"line":381,"column":20}},"167":{"start":{"line":384,"column":2},"end":{"line":384,"column":12}},"168":{"start":{"line":396,"column":0},"end":{"line":418,"column":2}},"169":{"start":{"line":397,"column":2},"end":{"line":398,"column":14}},"170":{"start":{"line":400,"column":2},"end":{"line":416,"column":3}},"171":{"start":{"line":401,"column":4},"end":{"line":401,"column":32}},"172":{"start":{"line":401,"column":15},"end":{"line":401,"column":30}},"173":{"start":{"line":403,"column":4},"end":{"line":403,"column":29}},"174":{"start":{"line":404,"column":4},"end":{"line":404,"column":32}},"175":{"start":{"line":404,"column":18},"end":{"line":404,"column":30}},"176":{"start":{"line":406,"column":4},"end":{"line":415,"column":5}},"177":{"start":{"line":407,"column":6},"end":{"line":407,"column":61}},"178":{"start":{"line":408,"column":6},"end":{"line":412,"column":7}},"179":{"start":{"line":409,"column":8},"end":{"line":409,"column":37}},"180":{"start":{"line":411,"column":8},"end":{"line":411,"column":15}},"181":{"start":{"line":414,"column":6},"end":{"line":414,"column":20}},"182":{"start":{"line":417,"column":2},"end":{"line":417,"column":9}},"183":{"start":{"line":424,"column":0},"end":{"line":424,"column":34}}},"branchMap":{"1":{"line":23,"type":"binary-expr","locations":[{"start":{"line":23,"column":12},"end":{"line":23,"column":19}},{"start":{"line":23,"column":23},"end":{"line":23,"column":25}}]},"2":{"line":31,"type":"binary-expr","locations":[{"start":{"line":31,"column":19},"end":{"line":31,"column":32}},{"start":{"line":31,"column":36},"end":{"line":31,"column":54}}]},"3":{"line":61,"type":"if","locations":[{"start":{"line":61,"column":2},"end":{"line":61,"column":2}},{"start":{"line":61,"column":2},"end":{"line":61,"column":2}}]},"4":{"line":64,"type":"if","locations":[{"start":{"line":64,"column":4},"end":{"line":64,"column":4}},{"start":{"line":64,"column":4},"end":{"line":64,"column":4}}]},"5":{"line":65,"type":"if","locations":[{"start":{"line":65,"column":4},"end":{"line":65,"column":4}},{"start":{"line":65,"column":4},"end":{"line":65,"column":4}}]},"6":{"line":66,"type":"if","locations":[{"start":{"line":66,"column":4},"end":{"line":66,"column":4}},{"start":{"line":66,"column":4},"end":{"line":66,"column":4}}]},"7":{"line":69,"type":"if","locations":[{"start":{"line":69,"column":2},"end":{"line":69,"column":2}},{"start":{"line":69,"column":2},"end":{"line":69,"column":2}}]},"8":{"line":72,"type":"if","locations":[{"start":{"line":72,"column":4},"end":{"line":72,"column":4}},{"start":{"line":72,"column":4},"end":{"line":72,"column":4}}]},"9":{"line":73,"type":"if","locations":[{"start":{"line":73,"column":4},"end":{"line":73,"column":4}},{"start":{"line":73,"column":4},"end":{"line":73,"column":4}}]},"10":{"line":74,"type":"if","locations":[{"start":{"line":74,"column":4},"end":{"line":74,"column":4}},{"start":{"line":74,"column":4},"end":{"line":74,"column":4}}]},"11":{"line":78,"type":"if","locations":[{"start":{"line":78,"column":2},"end":{"line":78,"column":2}},{"start":{"line":78,"column":2},"end":{"line":78,"column":2}}]},"12":{"line":83,"type":"if","locations":[{"start":{"line":83,"column":2},"end":{"line":83,"column":2}},{"start":{"line":83,"column":2},"end":{"line":83,"column":2}}]},"13":{"line":84,"type":"if","locations":[{"start":{"line":84,"column":2},"end":{"line":84,"column":2}},{"start":{"line":84,"column":2},"end":{"line":84,"column":2}}]},"14":{"line":86,"type":"if","locations":[{"start":{"line":86,"column":2},"end":{"line":86,"column":2}},{"start":{"line":86,"column":2},"end":{"line":86,"column":2}}]},"15":{"line":87,"type":"binary-expr","locations":[{"start":{"line":87,"column":43},"end":{"line":87,"column":47}},{"start":{"line":87,"column":51},"end":{"line":87,"column":54}}]},"16":{"line":87,"type":"binary-expr","locations":[{"start":{"line":87,"column":56},"end":{"line":87,"column":63}},{"start":{"line":87,"column":67},"end":{"line":87,"column":78}}]},"17":{"line":89,"type":"if","locations":[{"start":{"line":89,"column":9},"end":{"line":89,"column":9}},{"start":{"line":89,"column":9},"end":{"line":89,"column":9}}]},"18":{"line":90,"type":"binary-expr","locations":[{"start":{"line":90,"column":45},"end":{"line":90,"column":49}},{"start":{"line":90,"column":53},"end":{"line":90,"column":56}}]},"19":{"line":90,"type":"binary-expr","locations":[{"start":{"line":90,"column":58},"end":{"line":90,"column":65}},{"start":{"line":90,"column":69},"end":{"line":90,"column":80}}]},"20":{"line":92,"type":"if","locations":[{"start":{"line":92,"column":9},"end":{"line":92,"column":9}},{"start":{"line":92,"column":9},"end":{"line":92,"column":9}}]},"21":{"line":93,"type":"binary-expr","locations":[{"start":{"line":93,"column":42},"end":{"line":93,"column":46}},{"start":{"line":93,"column":50},"end":{"line":93,"column":53}}]},"22":{"line":93,"type":"binary-expr","locations":[{"start":{"line":93,"column":55},"end":{"line":93,"column":62}},{"start":{"line":93,"column":66},"end":{"line":93,"column":77}}]},"23":{"line":119,"type":"if","locations":[{"start":{"line":119,"column":2},"end":{"line":119,"column":2}},{"start":{"line":119,"column":2},"end":{"line":119,"column":2}}]},"24":{"line":123,"type":"if","locations":[{"start":{"line":123,"column":2},"end":{"line":123,"column":2}},{"start":{"line":123,"column":2},"end":{"line":123,"column":2}}]},"25":{"line":125,"type":"binary-expr","locations":[{"start":{"line":125,"column":36},"end":{"line":125,"column":40}},{"start":{"line":125,"column":44},"end":{"line":125,"column":47}}]},"26":{"line":125,"type":"binary-expr","locations":[{"start":{"line":125,"column":49},"end":{"line":125,"column":56}},{"start":{"line":125,"column":60},"end":{"line":125,"column":71}}]},"27":{"line":141,"type":"if","locations":[{"start":{"line":141,"column":2},"end":{"line":141,"column":2}},{"start":{"line":141,"column":2},"end":{"line":141,"column":2}}]},"28":{"line":141,"type":"binary-expr","locations":[{"start":{"line":141,"column":6},"end":{"line":141,"column":13}},{"start":{"line":141,"column":17},"end":{"line":141,"column":50}}]},"29":{"line":153,"type":"if","locations":[{"start":{"line":153,"column":2},"end":{"line":153,"column":2}},{"start":{"line":153,"column":2},"end":{"line":153,"column":2}}]},"30":{"line":153,"type":"binary-expr","locations":[{"start":{"line":153,"column":6},"end":{"line":153,"column":13}},{"start":{"line":153,"column":17},"end":{"line":153,"column":50}}]},"31":{"line":204,"type":"if","locations":[{"start":{"line":204,"column":2},"end":{"line":204,"column":2}},{"start":{"line":204,"column":2},"end":{"line":204,"column":2}}]},"32":{"line":215,"type":"if","locations":[{"start":{"line":215,"column":4},"end":{"line":215,"column":4}},{"start":{"line":215,"column":4},"end":{"line":215,"column":4}}]},"33":{"line":217,"type":"if","locations":[{"start":{"line":217,"column":4},"end":{"line":217,"column":4}},{"start":{"line":217,"column":4},"end":{"line":217,"column":4}}]},"34":{"line":217,"type":"binary-expr","locations":[{"start":{"line":217,"column":8},"end":{"line":217,"column":11}},{"start":{"line":217,"column":15},"end":{"line":217,"column":18}}]},"35":{"line":220,"type":"if","locations":[{"start":{"line":220,"column":4},"end":{"line":220,"column":4}},{"start":{"line":220,"column":4},"end":{"line":220,"column":4}}]},"36":{"line":246,"type":"if","locations":[{"start":{"line":246,"column":2},"end":{"line":246,"column":2}},{"start":{"line":246,"column":2},"end":{"line":246,"column":2}}]},"37":{"line":257,"type":"if","locations":[{"start":{"line":257,"column":4},"end":{"line":257,"column":4}},{"start":{"line":257,"column":4},"end":{"line":257,"column":4}}]},"38":{"line":259,"type":"if","locations":[{"start":{"line":259,"column":4},"end":{"line":259,"column":4}},{"start":{"line":259,"column":4},"end":{"line":259,"column":4}}]},"39":{"line":259,"type":"binary-expr","locations":[{"start"
[...]
arams); }","      tok.token_type = tok.token_type || 'Bearer';","      ","      var json = JSON.stringify(tok);","      res.setHeader('Content-Type', 'application/json');","      res.setHeader('Cache-Control', 'no-store');","      res.setHeader('Pragma', 'no-cache');","      res.end(json);","    }","","    try {","      var arity = issue.length;","      if (arity == 7) {","        issue(client, username, passwd, scope, req.body, req.authInfo, issued);","      } else if (arity == 6) {","        issue(client, username, passwd, scope, req.body, issued);","      } else if (arity == 5) {","        issue(client, username, passwd, scope, issued);","      } else { // arity == 4","        issue(client, username, passwd, issued);","      }","    } catch (ex) {","      return next(ex);","    }","  };","};",""],"l":{"4":1,"58":1,"59":0,"60":0,"61":0,"63":0,"65":0,"67":0,"74":0,"75":0,"76":0,"79":0,"80":0,"84":0,"89":0,"90":0,"92":0,"93":0,"94":0,"97":0,"98":0,"99":0,"102":0,"105":1,"106":0,"107":0,"108":0,"109":0,"110":0,"113":0,"114":0,"115":0,"116":0,"117":0,"119":0,"120":0,"121":0,"122":0,"123":0,"126":0,"127":0,"128":0,"129":0,"130":0,"131":0,"132":0,"133":0,"135":0,"138":0}},"/home/travis/build/npmtest/node-npmtest-oauth2orize/node_modules/oauth2orize/lib/exchange/refreshToken.js":{"path":"/home/travis/build/npmtest/node-npmtest-oauth2orize/node_modules/oauth2orize/lib/exchange/refreshToken.js","s":{"1":1,"2":1,"3":0,"4":0,"5":0,"6":0,"7":0,"8":0,"9":0,"10":0,"11":0,"12":0,"13":0,"14":0,"15":0,"16":0,"17":0,"18":0,"19":0,"20":0,"21":0,"22":0,"23":0,"24":0,"25":0,"26":0,"27":1,"28":0,"29":0,"30":0,"31":0,"32":0,"33":0,"34":0,"35":0,"36":0,"37":0,"38":0,"39":0,"40":0,"41":0,"42":0,"43":0,"44":0,"45":0,"46":0,"47":0,"48":0,"49":0,"50":0,"51":0,"52":0,"53":0,"54":0,"55":0,"56":0},"b":{"1":[0,0],"2":[0,0],"3":[0,0],"4":[0,0],"5":[0,0],"6":[0,0],"7":[0,0],"8":[0,0],"9":[0,0],"10":[0,0],"11":[0,0],"12":[0,0],"13":[0,0],"14":[0,0],"15":[0,0],"16":[0,0],"17":[0,0],"18":[0,0],"19":[0,0],"20":[0,0],"21":[0,0]},"f":{"1":0,"2":0,"3":0},"fnMap":{"1":{"name":"(anonymous_1)","line":55,"loc":{"start":{"line":55,"column":17},"end":{"line":55,"column":42}}},"2":{"name":"refresh_token","line":76,"loc":{"start":{"line":76,"column":9},"end":{"line":76,"column":48}}},"3":{"name":"issued","line":100,"loc":{"start":{"line":100,"column":4},"end":{"line":100,"column":60}}}},"statementMap":{"1":{"start":{"line":4,"column":0},"end":{"line":5,"column":49}},"2":{"start":{"line":55,"column":0},"end":{"line":136,"column":2}},"3":{"start":{"line":56,"column":2},"end":{"line":59,"column":3}},"4":{"start":{"line":57,"column":4},"end":{"line":57,"column":20}},"5":{"start":{"line":58,"column":4},"end":{"line":58,"column":24}},"6":{"start":{"line":60,"column":2},"end":{"line":60,"column":26}},"7":{"start":{"line":62,"column":2},"end":{"line":62,"column":102}},"8":{"start":{"line":62,"column":16},"end":{"line":62,"column":100}},"9":{"start":{"line":64,"column":2},"end":{"line":64,"column":52}},"10":{"start":{"line":71,"column":2},"end":{"line":71,"column":49}},"11":{"start":{"line":72,"column":2},"end":{"line":74,"column":3}},"12":{"start":{"line":73,"column":4},"end":{"line":73,"column":32}},"13":{"start":{"line":76,"column":2},"end":{"line":135,"column":4}},"14":{"start":{"line":77,"column":4},"end":{"line":77,"column":130}},"15":{"start":{"line":77,"column":21},"end":{"line":77,"column":128}},"16":{"start":{"line":81,"column":4},"end":{"line":83,"column":31}},"17":{"start":{"line":85,"column":4},"end":{"line":85,"column":119}},"18":{"start":{"line":85,"column":25},"end":{"line":85,"column":117}},"19":{"start":{"line":87,"column":4},"end":{"line":98,"column":5}},"20":{"start":{"line":88,"column":6},"end":{"line":96,"column":7}},"21":{"start":{"line":89,"column":8},"end":{"line":89,"column":51}},"22":{"start":{"line":92,"column":8},"end":{"line":95,"column":9}},"23":{"start":{"line":93,"column":10},"end":{"line":93,"column":28}},"24":{"start":{"line":94,"column":10},"end":{"line":94,"column":16}},"25":{"start":{"line":97,"column":6},"end":{"line":97,"column":55}},"26":{"start":{"line":97,"column":35},"end":{"line":97,"column":53}},"27":{"start":{"line":100,"column":4},"end":{"line":119,"column":5}},"28":{"start":{"line":101,"column":6},"end":{"line":101,"column":36}},"29":{"start":{"line":101,"column":17},"end":{"line":101,"column":34}},"30":{"start":{"line":102,"column":6},"end":{"line":102,"column":98}},"31":{"start":{"line":102,"column":26},"end":{"line":102,"column":96}},"32":{"start":{"line":103,"column":6},"end":{"line":106,"column":7}},"33":{"start":{"line":104,"column":8},"end":{"line":104,"column":30}},"34":{"start":{"line":105,"column":8},"end":{"line":105,"column":28}},"35":{"start":{"line":108,"column":6},"end":{"line":108,"column":19}},"36":{"start":{"line":109,"column":6},"end":{"line":109,"column":37}},"37":{"start":{"line":110,"column":6},"end":{"line":110,"column":61}},"38":{"start":{"line":110,"column":26},"end":{"line":110,"column":59}},"39":{"start":{"line":111,"column":6},"end":{"line":111,"column":47}},"40":{"start":{"line":111,"column":20},"end":{"line":111,"column":45}},"41":{"start":{"line":112,"column":6},"end":{"line":112,"column":50}},"42":{"start":{"line":114,"column":6},"end":{"line":114,"column":37}},"43":{"start":{"line":115,"column":6},"end":{"line":115,"column":56}},"44":{"start":{"line":116,"column":6},"end":{"line":116,"column":49}},"45":{"start":{"line":117,"column":6},"end":{"line":117,"column":42}},"46":{"start":{"line":118,"column":6},"end":{"line":118,"column":20}},"47":{"start":{"line":121,"column":4},"end":{"line":134,"column":5}},"48":{"start":{"line":122,"column":6},"end":{"line":122,"column":31}},"49":{"start":{"line":123,"column":6},"end":{"line":131,"column":7}},"50":{"start":{"line":124,"column":8},"end":{"line":124,"column":75}},"51":{"start":{"line":125,"column":13},"end":{"line":131,"column":7}},"52":{"start":{"line":126,"column":8},"end":{"line":126,"column":61}},"53":{"start":{"line":127,"column":13},"end":{"line":131,"column":7}},"54":{"start":{"line":128,"column":8},"end":{"line":128,"column":51}},"55":{"start":{"line":130,"column":8},"end":{"line":130,"column":44}},"56":{"start":{"line":133,"column":6},"end":{"line":133,"column":22}}},"branchMap":{"1":{"line":56,"type":"if","locations":[{"start":{"line":56,"column":2},"end":{"line":56,"column":2}},{"start":{"line":56,"column":2},"end":{"line":56,"column":2}}]},"2":{"line":60,"type":"binary-expr","locations":[{"start":{"line":60,"column":12},"end":{"line":60,"column":19}},{"start":{"line":60,"column":23},"end":{"line":60,"column":25}}]},"3":{"line":62,"type":"if","locations":[{"start":{"line":62,"column":2},"end":{"line":62,"column":2}},{"start":{"line":62,"column":2},"end":{"line":62,"column":2}}]},"4":{"line":64,"type":"binary-expr","locations":[{"start":{"line":64,"column":21},"end":{"line":64,"column":41}},{"start":{"line":64,"column":45},"end":{"line":64,"column":51}}]},"5":{"line":71,"type":"binary-expr","locations":[{"start":{"line":71,"column":19},"end":{"line":71,"column":41}},{"start":{"line":71,"column":45},"end":{"line":71,"column":48}}]},"6":{"line":72,"type":"if","locations":[{"start":{"line":72,"column":2},"end":{"line":72,"column":2}},{"start":{"line":72,"column":2},"end":{"line":72,"column":2}}]},"7":{"line":77,"type":"if","locations":[{"start":{"line":77,"column":4},"end":{"line":77,"column":4}},{"start":{"line":77,"column":4},"end":{"line":77,"column":4}}]},"8":{"line":85,"type":"if","locations":[{"start":{"line":85,"column":4},"end":{"line":85,"column":4}},{"start":{"line":85,"column":4},"end":{"line":85,"column":4}}]},"9":{"line":87,"type":"if","locations":[{"start":{"line":87,"column":4},"end":{"line":87,"column":4}},{"start":{"line":87,"column":4},"end":{"line":87,"column":4}}]},"10":{"line":92,"type":"if","locations":[{"start":{"line":92,"column":8},"end":{"line":92,"column":8}},{"start":{"line":92,"column":8},"end":{"line":92,"column":8}}]},"11":{"line":97,"type":"if","locations":[{"start":{"line":97,"column":6},"end":{"line":97,"column":6}},{"start":{"line":97,"column":6},"end":{"line":97,"column":6}}]},"12":{"line":101,"type":"if","locations":[{"start":{"line":101,"column":6},"end":{"line":101,"column":6}},{"start":{"line":101,"column":6},"end":{"line":101,"column":6}}]},"13":{"line":102,"type":"if","locations":[{"start":{"line":102,"column":6},"end":{"line":102,"column":6}},{"start":{"line":102,"column":6},"end":{"line":102,"column":6}}]},"14":{"line":103,"type":"if","locations":[{"start":{"line":103,"column":6},"end":{"line":103,"column":6}},{"start":{"line":103,"column":6},"end":{"line":103,"column":6}}]},"15":{"line":103,"type":"binary-expr","locations":[{"start":{"line":103,"column":10},"end":{"line":103,"column":22}},{"start":{"line":103,"column":26},"end":{"line":103,"column":57}}]},"16":{"line":110,"type":"if","locations":[{"start":{"line":110,"column":6},"end":{"line":110,"column":6}},{"start":{"line":110,"column":6},"end":{"line":110,"column":6}}]},"17":{"line":111,"type":"if","locations":[{"start":{"line":111,"column":6},"end":{"line":111,"column":6}},{"start":{"line":111,"column":6},"end":{"line":111,"column":6}}]},"18":{"line":112,"type":"binary-expr","locations":[{"start":{"line":112,"column":23},"end":{"line":112,"column":37}},{"start":{"line":112,"column":41},"end":{"line":112,"column":49}}]},"19":{"line":123,"type":"if","locations":[{"start":{"line":123,"column":6},"end":{"line":123,"column":6}},{"start":{"line":123,"column":6},"end":{"line":123,"column":6}}]},"20":{"line":125,"type":"if","locations":[{"start":{"line":125,"column":13},"end":{"line":125,"column":13}},{"start":{"line":125,"column":13},"end":{"line":125,"column":13}}]},"21":{"line":127,"type":"if","locations":[{"start":{"line":127,"column":13},"end":{"line":127,"column":13}},{"start":{"line":127,"column":13},"end":{"line":127,"column":13}}]}},"code":["/**"," * Module dependencies."," */","var utils = require('../utils')","  , TokenError = require('../errors/tokenerror');","","","/**"," * Refresh previously issued access tokens."," *"," * This exchange middleware is used to by clients to refresh an access token by"," * using a refresh token issued by the server."," *"," * Callbacks:"," *"," * This middleware requires an `issue` callback, for which the function"," * signature is as follows:"," *"," *     function(client, refreshToken, scope, done) { ... }"," *"," * `client` is the authenticated client instance attempting to obtain an access"," * token.  `refreshToken` is the refresh token issued by the server.  `scope` is"," * the scope of access requested by the client, which must not include any scope"," * not originally granted.  `done` is called to issue an access token:"," *"," *     done(err, accessToken, refreshToken, params)"," *"," * `accessToken` is the access token that will be sent to the client.  An"," * optional `refreshToken` will be sent to the client, if the server chooses to"," * implement support for this functionality.  Any additional `params` will be"," * included in the response.  If an error occurs, `done` should be invoked with"," * `err` set in idomatic Node.js fashion."," *"," * Options:"," *"," *     userProperty    property of `req` which contains the authenticated client (default: 'user')"," *     scopeSeparator  separator used to demarcate scope values (default: ' ')"," *"," * Examples:"," *"," *     server.exchange(oauth2orize.exchange.refreshToken(function(client, refreshToken, scope, done) {"," *       AccessToken.create(client, refreshToken, scope, function(err, accessToken) {"," *         if (err) { return done(err); }"," *         done(null, accessToken);"," *       });"," *     }));"," *"," * References:"," *  - [Refreshing an Access Token](http://tools.ietf.org/html/draft-ietf-oauth-v2-28#section-6)"," *"," * @param {Object} options"," * @param {Function} issue"," * @api public"," */","module.exports = function(options, issue) {","  if (typeof options == 'function') {","    issue = options;","    options = undefined;","  }","  options = options || {};","  ","  if (!issue) { throw new TypeError('oauth2orize.refreshToken exchange requires an issue callback'); }","  ","  var userProperty = options.userProperty || 'user';","","  // For maximum flexibility, multiple scope spearators can optionally be","  // allowed.  This allows the server to accept clients that separate scope","  // with either space or comma (' ', ',').  This violates the specification,","  // but achieves compatibility with existing client libraries that are already","  // deployed.","  var separators = options.scopeSeparator || ' ';","  if (!Array.isArray(separators)) {","    separators = [ separators ];","  }","","  return function refresh_token(req, res, next) {","    if (!req.body) { return next(new Error('OAuth2orize requires body parsing. Did you forget app.use(express.bodyParser())?')); }","    ","    // The 'user' property of `req` holds the authenticated user.  In the case","    // of the token endpoint, the property will contain the OAuth 2.0 client.","    var client = req[userProperty]","      , refreshToken = req.body.refresh_token","      , scope = req.body.scope;","      ","    if (!refreshToken) { return next(new TokenError('Missing required parameter: refresh_token', 'invalid_request')); }","    ","    if (scope) {","      for (var i = 0, len = separators.length; i < len; i++) {","        var separated = scope.split(separators[i]);","        // only separate on the first matching separator.  this allows for a sort","        // of separator \"priority\" (ie, favor spaces then fallback to commas)","        if (separated.length > 1) {","          scope = separated;","          break;","        }","      }","      if (!Array.isArray(scope)) { scope = [ scope ]; }","    }","    ","    function issued(err, accessToken, refreshToken, params) {","      if (err) { return next(err); }","      if (!accessToken) { return next(new TokenError('Invalid refresh token', 'invalid_grant')); }","      if (refreshToken && typeof refreshToken == 'object') {","        params = refreshToken;","        refreshToken = null;","      }","      ","      var tok = {};","      tok.access_token = accessToken;","      if (refreshToken) { tok.refresh_token = refreshToken; }","      if (params) { utils.merge(tok, params); }","      tok.token_type = tok.token_type || 'Bearer';","      ","      var json = JSON.stringify(tok);","      res.setHeader('Content-Type', 'application/json');","      res.setHeader('Cache-Control', 'no-store');","      res.setHeader('Pragma', 'no-cache');","      res.end(json);","    }","    ","    try {","      var arity = issue.length;","      if (arity == 6) {","        issue(client, refreshToken, scope, req.body, req.authInfo, issued);","      } else if (arity == 5) {","        issue(client, refreshToken, scope, req.body, issued);","      } else if (arity == 4) {","        issue(client, refreshToken, scope, issued);","      } else { // arity == 3","        issue(client, refreshToken, issued);","      }","    } catch (ex) {","      return next(ex);","    }","  };","};",""],"l":{"4":1,"55":1,"56":0,"57":0,"58":0,"60":0,"62":0,"64":0,"71":0,"72":0,"73":0,"76":0,"77":0,"81":0,"85":0,"87":0,"88":0,"89":0,"92":0,"93":0,"94":0,"97":0,"100":1,"101":0,"102":0,"103":0,"104":0,"105":0,"108":0,"109":0,"110":0,"111":0,"112":0,"114":0,"115":0,"116":0,"117":0,"118":0,"121":0,"122":0,"123":0,"124":0,"125":0,"126":0,"127":0,"128":0,"130":0,"133":0}},"/home/travis/build/npmtest/node-npmtest-oauth2orize/node_modules/oauth2orize/lib/response/fragment.js":{"path":"/home/travis/build/npmtest/node-npmtest-oauth2orize/node_modules/oauth2orize/lib/response/fragment.js","s":{"1":1,"2":1,"3":0,"4":0,"5":0,"6":0,"7":1,"8":0,"9":0},"b":{"1":[0,0]},"f":{"1":0,"2":0},"fnMap":{"1":{"name":"(anonymous_1)","line":9,"loc":{"start":{"line":9,"column":27},"end":{"line":9,"column":55}}},"2":{"name":"(anonymous_2)","line":18,"loc":{"start":{"line":18,"column":19},"end":{"line":18,"column":33}}}},"statementMap":{"1":{"start":{"line":1,"column":0},"end":{"line":3,"column":65}},"2":{"start":{"line":9,"column":0},"end":{"line":15,"column":2}},"3":{"start":{"line":10,"column":2},"end":{"line":10,"column":42}},"4":{"start":{"line":11,"column":2},"end":{"line":11,"column":37}},"5":{"start":{"line":13,"column":2},"end":{"line":13,"column":36}},"6":{"start":{"line":14,"column":2},"end":{"line":14,"column":32}},"7":{"start":{"line":18,"column":0},"end":{"line":20,"column":2}},"8":{"start":{"line":19,"column":2},"end":{"line":19,"column":127}},"9":{"start":{"line":19,"column":26},"end":{"line":19,"column":125}}},"branchMap":{"1":{"line":19,"type":"if","locations":[{"start":{"line":19,"column":2},"end":{"line":19,"column":2}},{"start":{"line":19,"column":2},"end":{"line":19,"column":2}}]}},"code":["var url = require('url')","  , qs = require('querystring')","  , AuthorizationError = require('../errors/authorizationerror');","","/**","* Authorization Response parameters are encoded in the fragment added to the redirect_uri when ","* redirecting back to the Client.","**/","exports = module.exports = function (txn, res, params) {","  var parsed = url.parse(txn.redirectURI);","  parsed.hash = qs.stringify(params);","","  var location = url.format(parsed);","  return res.redirect(location);","};","","","exports.validate = function(txn) {","  if (!txn.redirectURI) { throw new AuthorizationError('Unable to issue redirect for OAuth 2.0 transaction', 'server_error'); }","};",""],"l":{"1":1,"9":1,"10":0,"11":0,"13":0,"14":0,"18":1,"19":0}},"/home/travis/build/npmtest/node-npmtest-oauth2orize/node_modules/oauth2orize/lib/response/query.js":{"path":"/home/travis/build/npmtest/node-npmtest-oauth2orize/node_modules/oauth2orize/lib/response/query.js","s":{"1":1,"2":1,"3":0,"4":0,"5":0,"6":0,"7":0,"8":0,"9":1,"10":0,"11":0},"b":{"1":[0,0]},"f":{"1":0,"2":0,"3":0},"fnMap":{"1":{"name":"(anonymous_1)","line":8,"loc":{"start":{"line":8,"column":27},"end":{"line":8,"column":55}}},"2":{"name":"(anonymous_2)","line":11,"loc":{"start":{"line":11,"column":30},"end":{"line":11,"column":43}}},"3":{"name":"(anonymous_3)","line":19,"loc":{"start":{"line":19,"column":19},"end":{"line":19,"column":33}}}},"statementMap":{"1":{"start":{"line":1,"column":0},"end":{"line":2,"column":65}},"2":{"start":{"line":8,"column":0},"end":{"line":17,"column":2}},"3":{"start":{"line":9,"column":2},"end":{"line":9,"column":48}},"4":{"start":{"line":10,"column":2},"end":{"line":10,"column":23}},"5":{"start":{"line":11,"column":2},"end":{"line":13,"column":5}},"6":{"start":{"line":12,"column":4},"end":{"line":12,"column":32}},"7":{"start":{"line":15,"column":2},"end":{"line":15,"column":36}},"8":{"start":{"line":16,"column":2},"end":{"line":16,"column":32}},"9":{"start":{"line":19,"column":0},"end":{"line":21,"column":2}},"10":{"start":{"line":20,"column":2},"end":{"line":20,"column":127}},"11":{"start":{"line":20,"column":26},"end":{"line":20,"column":125}}},"branchMap":{"1":{"line":20,"type":"if","locations":[{"start":{"line":20,"column":2},"end":{"line":20,"column":2}},{"start":{"line":20,"column":2},"end":{"line":20,"column":2}}]}},"code":["var url = require('url')","  , AuthorizationError = require('../errors/authorizationerror');","","/**","* Authorization Response parameters are encoded in the query string added to the redirect_uri when ","* redirecting back to the Client.","**/","exports = module.exports = function (txn, res, params) {","  var parsed = url.parse(txn.redirectURI, true);","  delete parsed.search;","  Object.keys(params).forEach(function (k) {","    parsed.query[k] = params[k];","  });","","  var location = url.format(parsed);","  return res.redirect(location);","};","","exports.validate = function(txn) {","  if (!txn.redirectURI) { throw new AuthorizationError('Unable to issue redirect for OAuth 2.0 transaction', 'server_error'); }","};",""],"l":{"1":1,"8":1,"9":0,"10":0,"11":0,"12":0,"15":0,"16":0,"19":1,"20":0}}}